#
# There is insufficient memory for the Java Runtime Environment to continue.
# Native memory allocation (mmap) failed to map 93323264 bytes for Failed to commit area from 0x000000008f800000 to 0x0000000095100000 of length 93323264.
# Possible reasons:
#   The system is out of physical RAM or swap space
#   The process is running with CompressedOops enabled, and the Java Heap may be blocking the growth of the native heap
# Possible solutions:
#   Reduce memory load on the system
#   Increase physical memory or swap space
#   Check if swap backing store is full
#   Decrease Java heap size (-Xmx/-Xms)
#   Decrease number of Java threads
#   Decrease Java thread stack sizes (-Xss)
#   Set larger code cache with -XX:ReservedCodeCacheSize=
#   JVM is running with Unscaled Compressed Oops mode in which the Java heap is
#     placed in the first 4GB address space. The Java Heap base address is the
#     maximum limit for the native heap growth. Please use -XX:HeapBaseMinAddress
#     to set the Java Heap base and to place the Java Heap above 4GB virtual address.
# This output file may be truncated or incomplete.
#
#  Out of Memory Error (./src/hotspot/os/windows/os_windows.cpp:3301), pid=14472, tid=14784
#
# JRE version: OpenJDK Runtime Environment (11.0.10) (build 11.0.10+0-b96-7249189)
# Java VM: OpenJDK 64-Bit Server VM (11.0.10+0-b96-7249189, mixed mode, tiered, compressed oops, g1 gc, windows-amd64)
# No core dump will be written. Minidumps are not enabled by default on client versions of Windows
#

---------------  S U M M A R Y ------------

Command Line: --add-opens=java.base/java.util=ALL-UNNAMED --add-opens=java.base/java.lang=ALL-UNNAMED --add-opens=java.base/java.lang.invoke=ALL-UNNAMED --add-opens=java.base/java.util=ALL-UNNAMED --add-opens=java.prefs/java.util.prefs=ALL-UNNAMED --add-opens=java.prefs/java.util.prefs=ALL-UNNAMED --add-opens=java.base/java.nio.charset=ALL-UNNAMED --add-opens=java.base/java.net=ALL-UNNAMED --add-opens=java.base/java.util.concurrent.atomic=ALL-UNNAMED -Xmx2048m -Dfile.encoding=UTF-8 -Duser.country=US -Duser.language=en -Duser.variant org.gradle.launcher.daemon.bootstrap.GradleDaemon 7.3.1

Host: AMD Athlon 300U with Radeon Vega Mobile Gfx    , 4 cores, 3G,  Windows 10 , 64 bit Build 19041 (10.0.19041.1466)
Time: Thu Jan 27 23:23:49 2022 China Standard Time elapsed time: 171.559137 seconds (0d 0h 2m 51s)

---------------  T H R E A D  ---------------

Current thread (0x000001cf60e14800):  VMThread "VM Thread" [stack: 0x0000000bed100000,0x0000000bed200000] [id=14784]

Stack: [0x0000000bed100000,0x0000000bed200000]
[error occurred during error reporting (printing stack bounds), id 0xc0000005, EXCEPTION_ACCESS_VIOLATION (0xc0000005) at pc=0x000001cf49e00f2d]

Native frames: (J=compiled Java code, j=interpreted, Vv=VM code, C=native code)
V  [jvm.dll+0x5ecfaa]
V  [jvm.dll+0x722bd5]
V  [jvm.dll+0x72412d]
V  [jvm.dll+0x724745]
V  [jvm.dll+0x7246fb]
V  [jvm.dll+0x5ec348]
V  [jvm.dll+0x5ecad8]
C  [ntdll.dll+0xa20cf]
C  [ntdll.dll+0x51454]
C  [ntdll.dll+0xa0bfe]
C  0x000001cf49e00f2d

VM_Operation (0x0000000bf0ff8810): G1CollectForAllocation, mode: safepoint, requested by thread 0x000001cf6619f800


---------------  P R O C E S S  ---------------

Threads class SMR info:
_java_thread_list=0x000001cf67ed31d0, length=85, elements={
0x000001cf44b0f800, 0x000001cf60e17800, 0x000001cf60e24800, 0x000001cf60e84800,
0x000001cf60e85000, 0x000001cf60e86800, 0x000001cf60e88000, 0x000001cf60e93800,
0x000001cf60eae800, 0x000001cf6115e000, 0x000001cf621e5800, 0x000001cf61d02000,
0x000001cf61ce6800, 0x000001cf62ac2800, 0x000001cf62ac3000, 0x000001cf62e18800,
0x000001cf61bd0800, 0x000001cf6204c800, 0x000001cf62050800, 0x000001cf62051800,
0x000001cf62053000, 0x000001cf6204f800, 0x000001cf6204d800, 0x000001cf6204e000,
0x000001cf62054000, 0x000001cf62052000, 0x000001cf6204f000, 0x000001cf638b8000,
0x000001cf638ba800, 0x000001cf638b7000, 0x000001cf638b9000, 0x000001cf638bb800,
0x000001cf638b6800, 0x000001cf638be800, 0x000001cf638c2000, 0x000001cf638c2800,
0x000001cf638bd800, 0x000001cf638bd000, 0x000001cf638c3800, 0x000001cf638c0000,
0x000001cf638bf800, 0x000001cf638c4800, 0x000001cf638c1000, 0x000001cf66196800,
0x000001cf66199000, 0x000001cf66195000, 0x000001cf66193800, 0x000001cf6619a000,
0x000001cf66196000, 0x000001cf66198000, 0x000001cf66194000, 0x000001cf6619a800,
0x000001cf6619b800, 0x000001cf6619c800, 0x000001cf6619d000, 0x000001cf66197800,
0x000001cf6619e800, 0x000001cf6619f800, 0x000001cf661a0800, 0x000001cf6619e000,
0x000001cf661a1000, 0x000001cf661a2000, 0x000001cf661a7800, 0x000001cf661a3800,
0x000001cf661a4000, 0x000001cf661a6800, 0x000001cf661a6000, 0x000001cf661a8000,
0x000001cf661aa800, 0x000001cf661a5000, 0x000001cf661a9000, 0x000001cf661ad000,
0x000001cf661ac800, 0x000001cf661ae800, 0x000001cf661ae000, 0x000001cf661af800,
0x000001cf661aa000, 0x000001cf661b0800, 0x000001cf661b2000, 0x000001cf661b1000,
0x000001cf67bdd000, 0x000001cf67be2000, 0x000001cf67bdf000, 0x000001cf67bdf800,
0x000001cf67be1000
}

Java Threads: ( => current thread )
  0x000001cf44b0f800 JavaThread "main" [_thread_blocked, id=21772, stack(0x0000000becb00000,0x0000000becc00000)]
  0x000001cf60e17800 JavaThread "Reference Handler" daemon [_thread_blocked, id=20604, stack(0x0000000bed200000,0x0000000bed300000)]
  0x000001cf60e24800 JavaThread "Finalizer" daemon [_thread_blocked, id=1464, stack(0x0000000bed300000,0x0000000bed400000)]
  0x000001cf60e84800 JavaThread "Signal Dispatcher" daemon [_thread_blocked, id=5492, stack(0x0000000bed400000,0x0000000bed500000)]
  0x000001cf60e85000 JavaThread "Attach Listener" daemon [_thread_blocked, id=6992, stack(0x0000000bed500000,0x0000000bed600000)]
  0x000001cf60e86800 JavaThread "Service Thread" daemon [_thread_blocked, id=4584, stack(0x0000000bed600000,0x0000000bed700000)]
  0x000001cf60e88000 JavaThread "C2 CompilerThread0" daemon [_thread_in_native, id=15996, stack(0x0000000bed700000,0x0000000bed800000)]
  0x000001cf60e93800 JavaThread "C1 CompilerThread0" daemon [_thread_blocked, id=8504, stack(0x0000000bed800000,0x0000000bed900000)]
  0x000001cf60eae800 JavaThread "Sweeper thread" daemon [_thread_blocked, id=14040, stack(0x0000000bed900000,0x0000000beda00000)]
  0x000001cf6115e000 JavaThread "Common-Cleaner" daemon [_thread_blocked, id=3228, stack(0x0000000beda00000,0x0000000bedb00000)]
  0x000001cf621e5800 JavaThread "Daemon health stats" [_thread_blocked, id=560, stack(0x0000000bedd00000,0x0000000bede00000)]
  0x000001cf61d02000 JavaThread "Incoming local TCP Connector on port 53810" [_thread_in_native, id=14048, stack(0x0000000bede00000,0x0000000bedf00000)]
  0x000001cf61ce6800 JavaThread "Daemon periodic checks" [_thread_blocked, id=19900, stack(0x0000000bedf00000,0x0000000bee000000)]
  0x000001cf62ac2800 JavaThread "Daemon" [_thread_blocked, id=16632, stack(0x0000000bee000000,0x0000000bee100000)]
  0x000001cf62ac3000 JavaThread "Handler for socket connection from /127.0.0.1:53810 to /127.0.0.1:53811" [_thread_in_native, id=19340, stack(0x0000000bee100000,0x0000000bee200000)]
  0x000001cf62e18800 JavaThread "Cancel handler" [_thread_blocked, id=7780, stack(0x0000000bee200000,0x0000000bee300000)]
  0x000001cf61bd0800 JavaThread "Daemon worker" [_thread_blocked, id=12752, stack(0x0000000bee300000,0x0000000bee400000)]
  0x000001cf6204c800 JavaThread "Asynchronous log dispatcher for DefaultDaemonConnection: socket connection from /127.0.0.1:53810 to /127.0.0.1:53811" [_thread_blocked, id=2280, stack(0x0000000bee400000,0x0000000bee500000)]
  0x000001cf62050800 JavaThread "Daemon client event forwarder" [_thread_blocked, id=2816, stack(0x0000000bee600000,0x0000000bee700000)]
  0x000001cf62051800 JavaThread "Cache worker for journal cache (C:\Users\Bunan\.gradle\caches\journal-1)" [_thread_blocked, id=1220, stack(0x0000000bee900000,0x0000000beea00000)]
  0x000001cf62053000 JavaThread "File lock request listener" [_thread_in_native, id=1688, stack(0x0000000beea00000,0x0000000beeb00000)]
  0x000001cf6204f800 JavaThread "Cache worker for file hash cache (C:\Users\Bunan\.gradle\caches\7.3.1\fileHashes)" [_thread_blocked, id=21972, stack(0x0000000beeb00000,0x0000000beec00000)]
  0x000001cf6204d800 JavaThread "Cache worker for file hash cache (C:\Users\Bunan\AndroidStudioProjects\AndroidCameraApp\.gradle\7.3.1\fileHashes)" [_thread_blocked, id=18664, stack(0x0000000beec00000,0x0000000beed00000)]
  0x000001cf6204e000 JavaThread "File watcher server" daemon [_thread_blocked, id=13508, stack(0x0000000beed00000,0x0000000beee00000)]
  0x000001cf62054000 JavaThread "File watcher consumer" daemon [_thread_blocked, id=2072, stack(0x0000000beee00000,0x0000000beef00000)]
  0x000001cf62052000 JavaThread "Cache worker for checksums cache (C:\Users\Bunan\AndroidStudioProjects\AndroidCameraApp\.gradle\7.3.1\checksums)" [_thread_blocked, id=11584, stack(0x0000000beef00000,0x0000000bef000000)]
  0x000001cf6204f000 JavaThread "Cache worker for cache directory md-supplier (C:\Users\Bunan\.gradle\caches\7.3.1\md-supplier)" [_thread_blocked, id=18776, stack(0x0000000bef000000,0x0000000bef100000)]
  0x000001cf638b8000 JavaThread "Cache worker for cache directory md-rule (C:\Users\Bunan\.gradle\caches\7.3.1\md-rule)" [_thread_blocked, id=22516, stack(0x0000000bef100000,0x0000000bef200000)]
  0x000001cf638ba800 JavaThread "Cache worker for execution history cache (C:\Users\Bunan\.gradle\caches\7.3.1\executionHistory)" [_thread_blocked, id=4700, stack(0x0000000bef200000,0x0000000bef300000)]
  0x000001cf638b7000 JavaThread "jar transforms" [_thread_blocked, id=19696, stack(0x0000000bef300000,0x0000000bef400000)]
  0x000001cf638b9000 JavaThread "jar transforms Thread 2" [_thread_blocked, id=10200, stack(0x0000000bef400000,0x0000000bef500000)]
  0x000001cf638bb800 JavaThread "Cache worker for file content cache (C:\Users\Bunan\.gradle\caches\7.3.1\fileContent)" [_thread_blocked, id=16516, stack(0x0000000bef500000,0x0000000bef600000)]
  0x000001cf638b6800 JavaThread "Cache worker for dependencies-accessors (C:\Users\Bunan\AndroidStudioProjects\AndroidCameraApp\.gradle\7.3.1\dependencies-accessors)" [_thread_blocked, id=12904, stack(0x0000000bef600000,0x0000000bef700000)]
  0x000001cf638be800 JavaThread "jar transforms Thread 3" [_thread_blocked, id=21240, stack(0x0000000bef700000,0x0000000bef800000)]
  0x000001cf638c2000 JavaThread "Cache worker for Build Output Cleanup Cache (C:\Users\Bunan\AndroidStudioProjects\AndroidCameraApp\.gradle\buildOutputCleanup)" [_thread_blocked, id=17700, stack(0x0000000bef800000,0x0000000bef900000)]
  0x000001cf638c2800 JavaThread "Unconstrained build operations" [_thread_blocked, id=7476, stack(0x0000000bef900000,0x0000000befa00000)]
  0x000001cf638bd800 JavaThread "Unconstrained build operations Thread 2" [_thread_blocked, id=17376, stack(0x0000000befa00000,0x0000000befb00000)]
  0x000001cf638bd000 JavaThread "Unconstrained build operations Thread 3" [_thread_blocked, id=18164, stack(0x0000000befb00000,0x0000000befc00000)]
  0x000001cf638c3800 JavaThread "Unconstrained build operations Thread 4" [_thread_blocked, id=9936, stack(0x0000000befc00000,0x0000000befd00000)]
  0x000001cf638c0000 JavaThread "Unconstrained build operations Thread 5" [_thread_blocked, id=21260, stack(0x0000000befd00000,0x0000000befe00000)]
  0x000001cf638bf800 JavaThread "Unconstrained build operations Thread 6" [_thread_blocked, id=13368, stack(0x0000000befe00000,0x0000000beff00000)]
  0x000001cf638c4800 JavaThread "Unconstrained build operations Thread 7" [_thread_blocked, id=16808, stack(0x0000000beff00000,0x0000000bf0000000)]
  0x000001cf638c1000 JavaThread "Unconstrained build operations Thread 8" [_thread_blocked, id=7808, stack(0x0000000bf0000000,0x0000000bf0100000)]
  0x000001cf66196800 JavaThread "Unconstrained build operations Thread 9" [_thread_blocked, id=3276, stack(0x0000000bf0100000,0x0000000bf0200000)]
  0x000001cf66199000 JavaThread "Unconstrained build operations Thread 10" [_thread_blocked, id=12376, stack(0x0000000bf0200000,0x0000000bf0300000)]
  0x000001cf66195000 JavaThread "Unconstrained build operations Thread 11" [_thread_blocked, id=8500, stack(0x0000000bf0300000,0x0000000bf0400000)]
  0x000001cf66193800 JavaThread "Unconstrained build operations Thread 12" [_thread_blocked, id=20928, stack(0x0000000bf0400000,0x0000000bf0500000)]
  0x000001cf6619a000 JavaThread "Unconstrained build operations Thread 13" [_thread_blocked, id=21508, stack(0x0000000bf0500000,0x0000000bf0600000)]
  0x000001cf66196000 JavaThread "Unconstrained build operations Thread 14" [_thread_blocked, id=5856, stack(0x0000000bf0600000,0x0000000bf0700000)]
  0x000001cf66198000 JavaThread "Unconstrained build operations Thread 15" [_thread_blocked, id=15716, stack(0x0000000bf0700000,0x0000000bf0800000)]
  0x000001cf66194000 JavaThread "Unconstrained build operations Thread 16" [_thread_blocked, id=13412, stack(0x0000000bf0800000,0x0000000bf0900000)]
  0x000001cf6619a800 JavaThread "Unconstrained build operations Thread 17" [_thread_blocked, id=22384, stack(0x0000000bf0900000,0x0000000bf0a00000)]
  0x000001cf6619b800 JavaThread "Unconstrained build operations Thread 18" [_thread_blocked, id=7028, stack(0x0000000bf0a00000,0x0000000bf0b00000)]
  0x000001cf6619c800 JavaThread "Unconstrained build operations Thread 19" [_thread_blocked, id=11948, stack(0x0000000bf0b00000,0x0000000bf0c00000)]
  0x000001cf6619d000 JavaThread "Unconstrained build operations Thread 20" [_thread_blocked, id=20016, stack(0x0000000bf0c00000,0x0000000bf0d00000)]
  0x000001cf66197800 JavaThread "Unconstrained build operations Thread 21" [_thread_blocked, id=2464, stack(0x0000000bf0d00000,0x0000000bf0e00000)]
  0x000001cf6619e800 JavaThread "Unconstrained build operations Thread 22" [_thread_blocked, id=20056, stack(0x0000000bf0e00000,0x0000000bf0f00000)]
  0x000001cf6619f800 JavaThread "Unconstrained build operations Thread 23" [_thread_blocked, id=5852, stack(0x0000000bf0f00000,0x0000000bf1000000)]
  0x000001cf661a0800 JavaThread "Unconstrained build operations Thread 24" [_thread_blocked, id=8512, stack(0x0000000bf1000000,0x0000000bf1100000)]
  0x000001cf6619e000 JavaThread "Unconstrained build operations Thread 25" [_thread_blocked, id=8688, stack(0x0000000bf1100000,0x0000000bf1200000)]
  0x000001cf661a1000 JavaThread "Unconstrained build operations Thread 26" [_thread_blocked, id=1944, stack(0x0000000bf1200000,0x0000000bf1300000)]
  0x000001cf661a2000 JavaThread "Unconstrained build operations Thread 27" [_thread_blocked, id=18288, stack(0x0000000bf1300000,0x0000000bf1400000)]
  0x000001cf661a7800 JavaThread "Unconstrained build operations Thread 28" [_thread_blocked, id=14888, stack(0x0000000bf1400000,0x0000000bf1500000)]
  0x000001cf661a3800 JavaThread "Unconstrained build operations Thread 29" [_thread_blocked, id=5544, stack(0x0000000bf1500000,0x0000000bf1600000)]
  0x000001cf661a4000 JavaThread "Unconstrained build operations Thread 30" [_thread_blocked, id=7816, stack(0x0000000bf1600000,0x0000000bf1700000)]
  0x000001cf661a6800 JavaThread "Unconstrained build operations Thread 31" [_thread_blocked, id=15216, stack(0x0000000bf1700000,0x0000000bf1800000)]
  0x000001cf661a6000 JavaThread "Unconstrained build operations Thread 32" [_thread_blocked, id=17596, stack(0x0000000bf1800000,0x0000000bf1900000)]
  0x000001cf661a8000 JavaThread "Unconstrained build operations Thread 33" [_thread_blocked, id=11708, stack(0x0000000bf1900000,0x0000000bf1a00000)]
  0x000001cf661aa800 JavaThread "Unconstrained build operations Thread 34" [_thread_blocked, id=16552, stack(0x0000000bf1a00000,0x0000000bf1b00000)]
  0x000001cf661a5000 JavaThread "Unconstrained build operations Thread 35" [_thread_blocked, id=19676, stack(0x0000000bf1b00000,0x0000000bf1c00000)]
  0x000001cf661a9000 JavaThread "Unconstrained build operations Thread 36" [_thread_blocked, id=6904, stack(0x0000000bf1c00000,0x0000000bf1d00000)]
  0x000001cf661ad000 JavaThread "Unconstrained build operations Thread 37" [_thread_blocked, id=12992, stack(0x0000000bf1d00000,0x0000000bf1e00000)]
  0x000001cf661ac800 JavaThread "Unconstrained build operations Thread 38" [_thread_blocked, id=20544, stack(0x0000000bf1e00000,0x0000000bf1f00000)]
  0x000001cf661ae800 JavaThread "Unconstrained build operations Thread 39" [_thread_blocked, id=22512, stack(0x0000000bf1f00000,0x0000000bf2000000)]
  0x000001cf661ae000 JavaThread "Unconstrained build operations Thread 40" [_thread_blocked, id=20288, stack(0x0000000bf2000000,0x0000000bf2100000)]
  0x000001cf661af800 JavaThread "jar transforms Thread 4" [_thread_blocked, id=16072, stack(0x0000000bf2100000,0x0000000bf2200000)]
  0x000001cf661aa000 JavaThread "Memory manager" [_thread_blocked, id=22228, stack(0x0000000bf2400000,0x0000000bf2500000)]
  0x000001cf661b0800 JavaThread "build event listener" [_thread_blocked, id=9648, stack(0x0000000bf2500000,0x0000000bf2600000)]
  0x000001cf661b2000 JavaThread "Execution worker for ':'" [_thread_blocked, id=10068, stack(0x0000000bf2600000,0x0000000bf2700000)]
  0x000001cf661b1000 JavaThread "Execution worker for ':' Thread 2" [_thread_blocked, id=8996, stack(0x0000000bf2700000,0x0000000bf2800000)]
  0x000001cf67bdd000 JavaThread "Execution worker for ':' Thread 3" [_thread_blocked, id=2708, stack(0x0000000bf2800000,0x0000000bf2900000)]
  0x000001cf67be2000 JavaThread "Cache worker for execution history cache (C:\Users\Bunan\AndroidStudioProjects\AndroidCameraApp\.gradle\7.3.1\executionHistory)" [_thread_blocked, id=22148, stack(0x0000000bf2900000,0x0000000bf2a00000)]
  0x000001cf67bdf000 JavaThread "WorkerExecutor Queue" [_thread_blocked, id=11452, stack(0x0000000bf2a00000,0x0000000bf2b00000)]
  0x000001cf67bdf800 JavaThread "WorkerExecutor Queue Thread 3" [_thread_blocked, id=17756, stack(0x0000000bec900000,0x0000000beca00000)]
  0x000001cf67be1000 JavaThread "WorkerExecutor Queue Thread 4" [_thread_blocked, id=18868, stack(0x0000000beca00000,0x0000000becb00000)]

Other Threads:
=>0x000001cf60e14800 VMThread "VM Thread" [stack: 0x0000000bed100000,0x0000000bed200000] [id=14784]
  0x000001cf611a2000 WatcherThread [stack: 0x0000000bedb00000,0x0000000bedc00000] [id=14036]
  0x000001cf44b28000 GCTaskThread "GC Thread#0" [stack: 0x0000000becc00000,0x0000000becd00000] [id=21992]
  0x000001cf61418800 GCTaskThread "GC Thread#1" [stack: 0x0000000bedc00000,0x0000000bedd00000] [id=22496]
  0x000001cf62985000 GCTaskThread "GC Thread#2" [stack: 0x0000000bee700000,0x0000000bee800000] [id=13580]
  0x000001cf6137a800 GCTaskThread "GC Thread#3" [stack: 0x0000000bee800000,0x0000000bee900000] [id=22136]
  0x000001cf44b59800 ConcurrentGCThread "G1 Main Marker" [stack: 0x0000000becd00000,0x0000000bece00000] [id=19944]
  0x000001cf44b5a800 ConcurrentGCThread "G1 Conc#0" [stack: 0x0000000bece00000,0x0000000becf00000] [id=8764]
  0x000001cf44ba2000 ConcurrentGCThread "G1 Refine#0" [stack: 0x0000000becf00000,0x0000000bed000000] [id=16964]
  0x000001cf44ba3800 ConcurrentGCThread "G1 Young RemSet Sampling" [stack: 0x0000000bed000000,0x0000000bed100000] [id=21560]

Threads with active compile tasks:
C2 CompilerThread0 171666 18181 %     4       com.android.tools.r8.internal.Me::a @ 261 (704 bytes)

VM state:at safepoint (normal execution)

VM Mutex/Monitor currently owned by a thread:  ([mutex/lock_event])
[0x000001cf44b0c5a0] Threads_lock - owner thread: 0x000001cf60e14800
[0x000001cf44b0b8b0] Heap_lock - owner thread: 0x000001cf6619f800

Heap address: 0x0000000080000000, size: 2048 MB, Compressed Oops mode: 32-bit
Narrow klass base: 0x0000000000000000, Narrow klass shift: 3
Compressed class space size: 1073741824 Address: 0x0000000100000000

Heap:
 garbage-first heap   total 345088K, used 128827K [0x0000000080000000, 0x0000000100000000)
  region size 1024K, 3 young (3072K), 3 survivors (3072K)
 Metaspace       used 109687K, capacity 112464K, committed 112636K, reserved 1146880K
  class space    used 13803K, capacity 14882K, committed 14976K, reserved 1048576K
Heap Regions: E=young(eden), S=young(survivor), O=old, HS=humongous(starts), HC=humongous(continues), CS=collection set, F=free, A=archive, TAMS=top-at-mark-start (previous, next)
|   0|0x0000000080000000, 0x0000000080100000, 0x0000000080100000|100%|HS|  |TAMS 0x0000000080100000, 0x0000000080000000| Complete 
|   1|0x0000000080100000, 0x0000000080200000, 0x0000000080200000|100%|HC|  |TAMS 0x0000000080200000, 0x0000000080100000| Complete 
|   2|0x0000000080200000, 0x0000000080300000, 0x0000000080300000|100%|HC|  |TAMS 0x0000000080300000, 0x0000000080200000| Complete 
|   3|0x0000000080300000, 0x0000000080400000, 0x0000000080400000|100%| O|  |TAMS 0x0000000080400000, 0x0000000080300000| Untracked 
|   4|0x0000000080400000, 0x0000000080500000, 0x0000000080500000|100%| O|  |TAMS 0x0000000080500000, 0x0000000080400000| Untracked 
|   5|0x0000000080500000, 0x0000000080600000, 0x0000000080600000|100%| O|  |TAMS 0x0000000080600000, 0x0000000080500000| Untracked 
|   6|0x0000000080600000, 0x0000000080700000, 0x0000000080700000|100%| O|  |TAMS 0x0000000080700000, 0x0000000080600000| Untracked 
|   7|0x0000000080700000, 0x0000000080800000, 0x0000000080800000|100%| O|  |TAMS 0x0000000080800000, 0x0000000080700000| Untracked 
|   8|0x0000000080800000, 0x0000000080900000, 0x0000000080900000|100%| O|  |TAMS 0x0000000080900000, 0x0000000080800000| Untracked 
|   9|0x0000000080900000, 0x0000000080a00000, 0x0000000080a00000|100%| O|  |TAMS 0x0000000080a00000, 0x0000000080900000| Untracked 
|  10|0x0000000080a00000, 0x0000000080b00000, 0x0000000080b00000|100%| O|  |TAMS 0x0000000080b00000, 0x0000000080a00000| Untracked 
|  11|0x0000000080b00000, 0x0000000080c00000, 0x0000000080c00000|100%| O|  |TAMS 0x0000000080c00000, 0x0000000080b00000| Untracked 
|  12|0x0000000080c00000, 0x0000000080d00000, 0x0000000080d00000|100%| O|  |TAMS 0x0000000080d00000, 0x0000000080c00000| Untracked 
|  13|0x0000000080d00000, 0x0000000080e00000, 0x0000000080e00000|100%| O|  |TAMS 0x0000000080e00000, 0x0000000080d00000| Untracked 
|  14|0x0000000080e00000, 0x0000000080f00000, 0x0000000080f00000|100%| O|  |TAMS 0x0000000080f00000, 0x0000000080e00000| Untracked 
|  15|0x0000000080f00000, 0x0000000081000000, 0x0000000081000000|100%| O|  |TAMS 0x0000000081000000, 0x0000000080f00000| Untracked 
|  16|0x0000000081000000, 0x0000000081100000, 0x0000000081100000|100%| O|  |TAMS 0x0000000081100000, 0x0000000081000000| Untracked 
|  17|0x0000000081100000, 0x0000000081200000, 0x0000000081200000|100%| O|  |TAMS 0x0000000081200000, 0x0000000081100000| Untracked 
|  18|0x0000000081200000, 0x0000000081300000, 0x0000000081300000|100%| O|  |TAMS 0x0000000081300000, 0x0000000081200000| Untracked 
|  19|0x0000000081300000, 0x0000000081400000, 0x0000000081400000|100%| O|  |TAMS 0x0000000081400000, 0x0000000081300000| Untracked 
|  20|0x0000000081400000, 0x0000000081500000, 0x0000000081500000|100%| O|  |TAMS 0x0000000081500000, 0x0000000081400000| Untracked 
|  21|0x0000000081500000, 0x0000000081600000, 0x0000000081600000|100%| O|  |TAMS 0x0000000081600000, 0x0000000081500000| Untracked 
|  22|0x0000000081600000, 0x0000000081700000, 0x0000000081700000|100%| O|  |TAMS 0x0000000081700000, 0x0000000081600000| Untracked 
|  23|0x0000000081700000, 0x0000000081800000, 0x0000000081800000|100%| O|  |TAMS 0x0000000081800000, 0x0000000081700000| Untracked 
|  24|0x0000000081800000, 0x0000000081900000, 0x0000000081900000|100%| O|  |TAMS 0x0000000081900000, 0x0000000081800000| Untracked 
|  25|0x0000000081900000, 0x0000000081a00000, 0x0000000081a00000|100%| O|  |TAMS 0x0000000081a00000, 0x0000000081900000| Untracked 
|  26|0x0000000081a00000, 0x0000000081b00000, 0x0000000081b00000|100%| O|  |TAMS 0x0000000081b00000, 0x0000000081a00000| Untracked 
|  27|0x0000000081b00000, 0x0000000081c00000, 0x0000000081c00000|100%| O|  |TAMS 0x0000000081c00000, 0x0000000081b00000| Untracked 
|  28|0x0000000081c00000, 0x0000000081d00000, 0x0000000081d00000|100%| O|  |TAMS 0x0000000081d00000, 0x0000000081c00000| Untracked 
|  29|0x0000000081d00000, 0x0000000081e00000, 0x0000000081e00000|100%| O|  |TAMS 0x0000000081e00000, 0x0000000081d00000| Untracked 
|  30|0x0000000081e00000, 0x0000000081f00000, 0x0000000081f00000|100%|HS|  |TAMS 0x0000000081f00000, 0x0000000081e00000| Complete 
|  31|0x0000000081f00000, 0x0000000082000000, 0x0000000082000000|100%|HS|  |TAMS 0x0000000082000000, 0x0000000081f00000| Complete 
|  32|0x0000000082000000, 0x0000000082100000, 0x0000000082100000|100%| O|  |TAMS 0x0000000082100000, 0x0000000082000000| Untracked 
|  33|0x0000000082100000, 0x0000000082200000, 0x0000000082200000|100%| O|  |TAMS 0x0000000082200000, 0x0000000082100000| Untracked 
|  34|0x0000000082200000, 0x0000000082300000, 0x0000000082300000|100%| O|  |TAMS 0x0000000082300000, 0x0000000082200000| Untracked 
|  35|0x0000000082300000, 0x0000000082400000, 0x0000000082400000|100%| O|  |TAMS 0x0000000082400000, 0x0000000082300000| Untracked 
|  36|0x0000000082400000, 0x0000000082500000, 0x0000000082500000|100%|HS|  |TAMS 0x0000000082500000, 0x0000000082400000| Complete 
|  37|0x0000000082500000, 0x0000000082600000, 0x0000000082600000|100%|HC|  |TAMS 0x0000000082600000, 0x0000000082500000| Complete 
|  38|0x0000000082600000, 0x0000000082700000, 0x0000000082700000|100%| O|  |TAMS 0x0000000082700000, 0x0000000082600000| Untracked 
|  39|0x0000000082700000, 0x0000000082800000, 0x0000000082800000|100%| O|  |TAMS 0x0000000082800000, 0x0000000082700000| Untracked 
|  40|0x0000000082800000, 0x0000000082900000, 0x0000000082900000|100%| O|  |TAMS 0x0000000082900000, 0x0000000082800000| Untracked 
|  41|0x0000000082900000, 0x0000000082a00000, 0x0000000082a00000|100%| O|  |TAMS 0x0000000082a00000, 0x0000000082900000| Untracked 
|  42|0x0000000082a00000, 0x0000000082b00000, 0x0000000082b00000|100%| O|  |TAMS 0x0000000082b00000, 0x0000000082a00000| Untracked 
|  43|0x0000000082b00000, 0x0000000082c00000, 0x0000000082c00000|100%| O|  |TAMS 0x0000000082c00000, 0x0000000082b00000| Untracked 
|  44|0x0000000082c00000, 0x0000000082d00000, 0x0000000082d00000|100%| O|  |TAMS 0x0000000082d00000, 0x0000000082c00000| Untracked 
|  45|0x0000000082d00000, 0x0000000082e00000, 0x0000000082e00000|100%| O|  |TAMS 0x0000000082e00000, 0x0000000082d00000| Untracked 
|  46|0x0000000082e00000, 0x0000000082f00000, 0x0000000082f00000|100%| O|  |TAMS 0x0000000082f00000, 0x0000000082e00000| Untracked 
|  47|0x0000000082f00000, 0x0000000083000000, 0x0000000083000000|100%| O|  |TAMS 0x0000000083000000, 0x0000000082f00000| Untracked 
|  48|0x0000000083000000, 0x0000000083100000, 0x0000000083100000|100%| O|  |TAMS 0x0000000083100000, 0x0000000083000000| Untracked 
|  49|0x0000000083100000, 0x0000000083200000, 0x0000000083200000|100%| O|  |TAMS 0x0000000083200000, 0x0000000083100000| Untracked 
|  50|0x0000000083200000, 0x0000000083300000, 0x0000000083300000|100%| O|  |TAMS 0x0000000083300000, 0x0000000083200000| Untracked 
|  51|0x0000000083300000, 0x0000000083400000, 0x0000000083400000|100%| O|  |TAMS 0x0000000083400000, 0x0000000083300000| Untracked 
|  52|0x0000000083400000, 0x0000000083500000, 0x0000000083500000|100%| O|  |TAMS 0x0000000083500000, 0x0000000083400000| Untracked 
|  53|0x0000000083500000, 0x0000000083600000, 0x0000000083600000|100%| O|  |TAMS 0x0000000083600000, 0x0000000083500000| Untracked 
|  54|0x0000000083600000, 0x0000000083700000, 0x0000000083700000|100%| O|  |TAMS 0x0000000083700000, 0x0000000083600000| Untracked 
|  55|0x0000000083700000, 0x0000000083800000, 0x0000000083800000|100%| O|  |TAMS 0x0000000083800000, 0x0000000083700000| Untracked 
|  56|0x0000000083800000, 0x0000000083900000, 0x0000000083900000|100%| O|  |TAMS 0x0000000083900000, 0x0000000083800000| Untracked 
|  57|0x0000000083900000, 0x0000000083a00000, 0x0000000083a00000|100%| O|  |TAMS 0x0000000083a00000, 0x0000000083900000| Untracked 
|  58|0x0000000083a00000, 0x0000000083b00000, 0x0000000083b00000|100%| O|  |TAMS 0x0000000083b00000, 0x0000000083a00000| Untracked 
|  59|0x0000000083b00000, 0x0000000083c00000, 0x0000000083c00000|100%| O|  |TAMS 0x0000000083c00000, 0x0000000083b00000| Untracked 
|  60|0x0000000083c00000, 0x0000000083d00000, 0x0000000083d00000|100%| O|  |TAMS 0x0000000083d00000, 0x0000000083c00000| Untracked 
|  61|0x0000000083d00000, 0x0000000083d00000, 0x0000000083e00000|  0%| F|  |TAMS 0x0000000083d00000, 0x0000000083d00000| Untracked 
|  62|0x0000000083e00000, 0x0000000083f00000, 0x0000000083f00000|100%| O|  |TAMS 0x0000000083f00000, 0x0000000083e00000| Untracked 
|  63|0x0000000083f00000, 0x0000000084000000, 0x0000000084000000|100%| O|  |TAMS 0x0000000084000000, 0x0000000083f00000| Untracked 
|  64|0x0000000084000000, 0x0000000084100000, 0x0000000084100000|100%| O|  |TAMS 0x0000000084100000, 0x0000000084000000| Untracked 
|  65|0x0000000084100000, 0x0000000084200000, 0x0000000084200000|100%| O|  |TAMS 0x0000000084200000, 0x0000000084100000| Untracked 
|  66|0x0000000084200000, 0x0000000084300000, 0x0000000084300000|100%| O|  |TAMS 0x0000000084300000, 0x0000000084200000| Untracked 
|  67|0x0000000084300000, 0x0000000084400000, 0x0000000084400000|100%| O|  |TAMS 0x0000000084400000, 0x0000000084300000| Untracked 
|  68|0x0000000084400000, 0x0000000084500000, 0x0000000084500000|100%| O|  |TAMS 0x0000000084500000, 0x0000000084400000| Untracked 
|  69|0x0000000084500000, 0x0000000084600000, 0x0000000084600000|100%| O|  |TAMS 0x0000000084600000, 0x0000000084500000| Untracked 
|  70|0x0000000084600000, 0x0000000084700000, 0x0000000084700000|100%| O|  |TAMS 0x0000000084700000, 0x0000000084600000| Untracked 
|  71|0x0000000084700000, 0x0000000084800000, 0x0000000084800000|100%| O|  |TAMS 0x0000000084800000, 0x0000000084700000| Untracked 
|  72|0x0000000084800000, 0x0000000084900000, 0x0000000084900000|100%| O|  |TAMS 0x0000000084900000, 0x0000000084800000| Untracked 
|  73|0x0000000084900000, 0x0000000084a00000, 0x0000000084a00000|100%| O|  |TAMS 0x0000000084a00000, 0x0000000084900000| Untracked 
|  74|0x0000000084a00000, 0x0000000084b00000, 0x0000000084b00000|100%| O|  |TAMS 0x0000000084b00000, 0x0000000084a00000| Untracked 
|  75|0x0000000084b00000, 0x0000000084b00000, 0x0000000084c00000|  0%| F|  |TAMS 0x0000000084b00000, 0x0000000084b00000| Untracked 
|  76|0x0000000084c00000, 0x0000000084d00000, 0x0000000084d00000|100%| O|  |TAMS 0x0000000084d00000, 0x0000000084c00000| Untracked 
|  77|0x0000000084d00000, 0x0000000084e00000, 0x0000000084e00000|100%| O|  |TAMS 0x0000000084e00000, 0x0000000084d00000| Untracked 
|  78|0x0000000084e00000, 0x0000000084e00000, 0x0000000084f00000|  0%| F|  |TAMS 0x0000000084e00000, 0x0000000084e00000| Untracked 
|  79|0x0000000084f00000, 0x0000000085000000, 0x0000000085000000|100%| O|  |TAMS 0x0000000085000000, 0x0000000084f00000| Untracked 
|  80|0x0000000085000000, 0x0000000085100000, 0x0000000085100000|100%| O|  |TAMS 0x0000000085100000, 0x0000000085000000| Untracked 
|  81|0x0000000085100000, 0x0000000085200000, 0x0000000085200000|100%| O|  |TAMS 0x0000000085200000, 0x0000000085100000| Untracked 
|  82|0x0000000085200000, 0x0000000085300000, 0x0000000085300000|100%| O|  |TAMS 0x0000000085300000, 0x0000000085200000| Untracked 
|  83|0x0000000085300000, 0x0000000085400000, 0x0000000085400000|100%| O|  |TAMS 0x0000000085400000, 0x0000000085300000| Untracked 
|  84|0x0000000085400000, 0x0000000085500000, 0x0000000085500000|100%| O|  |TAMS 0x0000000085500000, 0x0000000085400000| Untracked 
|  85|0x0000000085500000, 0x0000000085600000, 0x0000000085600000|100%| O|  |TAMS 0x0000000085600000, 0x0000000085500000| Untracked 
|  86|0x0000000085600000, 0x0000000085700000, 0x0000000085700000|100%| O|  |TAMS 0x0000000085700000, 0x0000000085600000| Untracked 
|  87|0x0000000085700000, 0x0000000085800000, 0x0000000085800000|100%| O|  |TAMS 0x0000000085800000, 0x0000000085700000| Untracked 
|  88|0x0000000085800000, 0x0000000085800000, 0x0000000085900000|  0%| F|  |TAMS 0x0000000085800000, 0x0000000085800000| Untracked 
|  89|0x0000000085900000, 0x0000000085a00000, 0x0000000085a00000|100%| O|  |TAMS 0x0000000085a00000, 0x0000000085900000| Untracked 
|  90|0x0000000085a00000, 0x0000000085b00000, 0x0000000085b00000|100%| O|  |TAMS 0x0000000085b00000, 0x0000000085a00000| Untracked 
|  91|0x0000000085b00000, 0x0000000085c00000, 0x0000000085c00000|100%| O|  |TAMS 0x0000000085c00000, 0x0000000085b00000| Untracked 
|  92|0x0000000085c00000, 0x0000000085c00000, 0x0000000085d00000|  0%| F|  |TAMS 0x0000000085c00000, 0x0000000085c00000| Untracked 
|  93|0x0000000085d00000, 0x0000000085e00000, 0x0000000085e00000|100%| O|  |TAMS 0x0000000085e00000, 0x0000000085d00000| Untracked 
|  94|0x0000000085e00000, 0x0000000085f00000, 0x0000000085f00000|100%| O|  |TAMS 0x0000000085f00000, 0x0000000085e00000| Untracked 
|  95|0x0000000085f00000, 0x0000000086000000, 0x0000000086000000|100%| O|  |TAMS 0x0000000086000000, 0x0000000085f00000| Untracked 
|  96|0x0000000086000000, 0x0000000086100000, 0x0000000086100000|100%| O|  |TAMS 0x0000000086100000, 0x0000000086000000| Untracked 
|  97|0x0000000086100000, 0x0000000086200000, 0x0000000086200000|100%| O|  |TAMS 0x0000000086200000, 0x0000000086100000| Untracked 
|  98|0x0000000086200000, 0x0000000086300000, 0x0000000086300000|100%| O|  |TAMS 0x0000000086300000, 0x0000000086200000| Untracked 
|  99|0x0000000086300000, 0x0000000086400000, 0x0000000086400000|100%| O|  |TAMS 0x0000000086400000, 0x0000000086300000| Untracked 
| 100|0x0000000086400000, 0x0000000086500000, 0x0000000086500000|100%| O|  |TAMS 0x0000000086500000, 0x0000000086400000| Untracked 
| 101|0x0000000086500000, 0x0000000086600000, 0x0000000086600000|100%| O|  |TAMS 0x0000000086600000, 0x0000000086500000| Untracked 
| 102|0x0000000086600000, 0x0000000086700000, 0x0000000086700000|100%| O|  |TAMS 0x0000000086700000, 0x0000000086600000| Untracked 
| 103|0x0000000086700000, 0x0000000086800000, 0x0000000086800000|100%| O|  |TAMS 0x0000000086800000, 0x0000000086700000| Untracked 
| 104|0x0000000086800000, 0x0000000086900000, 0x0000000086900000|100%| O|  |TAMS 0x0000000086900000, 0x0000000086800000| Untracked 
| 105|0x0000000086900000, 0x0000000086a00000, 0x0000000086a00000|100%| O|  |TAMS 0x0000000086a00000, 0x0000000086900000| Untracked 
| 106|0x0000000086a00000, 0x0000000086b00000, 0x0000000086b00000|100%| O|  |TAMS 0x0000000086b00000, 0x0000000086a00000| Untracked 
| 107|0x0000000086b00000, 0x0000000086c00000, 0x0000000086c00000|100%| O|  |TAMS 0x0000000086c00000, 0x0000000086b00000| Untracked 
| 108|0x0000000086c00000, 0x0000000086d00000, 0x0000000086d00000|100%| O|  |TAMS 0x0000000086d00000, 0x0000000086c00000| Untracked 
| 109|0x0000000086d00000, 0x0000000086e00000, 0x0000000086e00000|100%| O|  |TAMS 0x0000000086e00000, 0x0000000086d00000| Untracked 
| 110|0x0000000086e00000, 0x0000000086f00000, 0x0000000086f00000|100%| O|  |TAMS 0x0000000086f00000, 0x0000000086e00000| Untracked 
| 111|0x0000000086f00000, 0x0000000087000000, 0x0000000087000000|100%| O|  |TAMS 0x0000000087000000, 0x0000000086f00000| Untracked 
| 112|0x0000000087000000, 0x0000000087100000, 0x0000000087100000|100%| O|  |TAMS 0x0000000087100000, 0x0000000087000000| Untracked 
| 113|0x0000000087100000, 0x0000000087200000, 0x0000000087200000|100%| O|  |TAMS 0x0000000087200000, 0x0000000087100000| Untracked 
| 114|0x0000000087200000, 0x0000000087300000, 0x0000000087300000|100%| O|  |TAMS 0x0000000087300000, 0x0000000087200000| Untracked 
| 115|0x0000000087300000, 0x0000000087400000, 0x0000000087400000|100%| O|  |TAMS 0x0000000087400000, 0x0000000087300000| Untracked 
| 116|0x0000000087400000, 0x0000000087500000, 0x0000000087500000|100%| O|  |TAMS 0x0000000087500000, 0x0000000087400000| Untracked 
| 117|0x0000000087500000, 0x0000000087600000, 0x0000000087600000|100%| O|  |TAMS 0x0000000087600000, 0x0000000087500000| Untracked 
| 118|0x0000000087600000, 0x0000000087700000, 0x0000000087700000|100%| O|  |TAMS 0x0000000087700000, 0x0000000087600000| Untracked 
| 119|0x0000000087700000, 0x0000000087800000, 0x0000000087800000|100%| O|  |TAMS 0x0000000087800000, 0x0000000087700000| Untracked 
| 120|0x0000000087800000, 0x0000000087900000, 0x0000000087900000|100%| O|  |TAMS 0x0000000087900000, 0x0000000087800000| Untracked 
| 121|0x0000000087900000, 0x0000000087a00000, 0x0000000087a00000|100%| O|  |TAMS 0x0000000087a00000, 0x0000000087900000| Untracked 
| 122|0x0000000087a00000, 0x0000000087b00000, 0x0000000087b00000|100%| O|  |TAMS 0x0000000087b00000, 0x0000000087a00000| Untracked 
| 123|0x0000000087b00000, 0x0000000087c00000, 0x0000000087c00000|100%| O|  |TAMS 0x0000000087c00000, 0x0000000087b00000| Untracked 
| 124|0x0000000087c00000, 0x0000000087d00000, 0x0000000087d00000|100%| O|  |TAMS 0x0000000087d00000, 0x0000000087c00000| Untracked 
| 125|0x0000000087d00000, 0x0000000087e00000, 0x0000000087e00000|100%| O|  |TAMS 0x0000000087e00000, 0x0000000087d00000| Untracked 
| 126|0x0000000087e00000, 0x0000000087f00000, 0x0000000087f00000|100%| O|  |TAMS 0x0000000087f00000, 0x0000000087e00000| Untracked 
| 127|0x0000000087f00000, 0x0000000087fcee00, 0x0000000088000000| 80%| O|  |TAMS 0x0000000087fcee00, 0x0000000087f00000| Untracked 
| 128|0x0000000088000000, 0x0000000088000000, 0x0000000088100000|  0%| F|  |TAMS 0x0000000088000000, 0x0000000088000000| Untracked 
| 129|0x0000000088100000, 0x0000000088100000, 0x0000000088200000|  0%| F|  |TAMS 0x0000000088100000, 0x0000000088100000| Untracked 
| 130|0x0000000088200000, 0x0000000088200000, 0x0000000088300000|  0%| F|  |TAMS 0x0000000088200000, 0x0000000088200000| Untracked 
| 131|0x0000000088300000, 0x0000000088300000, 0x0000000088400000|  0%| F|  |TAMS 0x0000000088300000, 0x0000000088300000| Untracked 
| 132|0x0000000088400000, 0x0000000088400000, 0x0000000088500000|  0%| F|  |TAMS 0x0000000088400000, 0x0000000088400000| Untracked 
| 133|0x0000000088500000, 0x0000000088500000, 0x0000000088600000|  0%| F|  |TAMS 0x0000000088500000, 0x0000000088500000| Untracked 
| 134|0x0000000088600000, 0x0000000088600000, 0x0000000088700000|  0%| F|  |TAMS 0x0000000088600000, 0x0000000088600000| Untracked 
| 135|0x0000000088700000, 0x0000000088700000, 0x0000000088800000|  0%| F|  |TAMS 0x0000000088700000, 0x0000000088700000| Untracked 
| 136|0x0000000088800000, 0x0000000088800000, 0x0000000088900000|  0%| F|  |TAMS 0x0000000088800000, 0x0000000088800000| Untracked 
| 137|0x0000000088900000, 0x0000000088900000, 0x0000000088a00000|  0%| F|  |TAMS 0x0000000088900000, 0x0000000088900000| Untracked 
| 138|0x0000000088a00000, 0x0000000088a00000, 0x0000000088b00000|  0%| F|  |TAMS 0x0000000088a00000, 0x0000000088a00000| Untracked 
| 139|0x0000000088b00000, 0x0000000088b00000, 0x0000000088c00000|  0%| F|  |TAMS 0x0000000088b00000, 0x0000000088b00000| Untracked 
| 140|0x0000000088c00000, 0x0000000088c00000, 0x0000000088d00000|  0%| F|  |TAMS 0x0000000088c00000, 0x0000000088c00000| Untracked 
| 141|0x0000000088d00000, 0x0000000088d00000, 0x0000000088e00000|  0%| F|  |TAMS 0x0000000088d00000, 0x0000000088d00000| Untracked 
| 142|0x0000000088e00000, 0x0000000088e00000, 0x0000000088f00000|  0%| F|  |TAMS 0x0000000088e00000, 0x0000000088e00000| Untracked 
| 143|0x0000000088f00000, 0x0000000088f00000, 0x0000000089000000|  0%| F|  |TAMS 0x0000000088f00000, 0x0000000088f00000| Untracked 
| 144|0x0000000089000000, 0x0000000089000000, 0x0000000089100000|  0%| F|  |TAMS 0x0000000089000000, 0x0000000089000000| Untracked 
| 145|0x0000000089100000, 0x0000000089100000, 0x0000000089200000|  0%| F|  |TAMS 0x0000000089100000, 0x0000000089100000| Untracked 
| 146|0x0000000089200000, 0x0000000089200000, 0x0000000089300000|  0%| F|  |TAMS 0x0000000089200000, 0x0000000089200000| Untracked 
| 147|0x0000000089300000, 0x0000000089300000, 0x0000000089400000|  0%| F|  |TAMS 0x0000000089300000, 0x0000000089300000| Untracked 
| 148|0x0000000089400000, 0x0000000089400000, 0x0000000089500000|  0%| F|  |TAMS 0x0000000089400000, 0x0000000089400000| Untracked 
| 149|0x0000000089500000, 0x0000000089500000, 0x0000000089600000|  0%| F|  |TAMS 0x0000000089500000, 0x0000000089500000| Untracked 
| 150|0x0000000089600000, 0x0000000089600000, 0x0000000089700000|  0%| F|  |TAMS 0x0000000089600000, 0x0000000089600000| Untracked 
| 151|0x0000000089700000, 0x0000000089700000, 0x0000000089800000|  0%| F|  |TAMS 0x0000000089700000, 0x0000000089700000| Untracked 
| 152|0x0000000089800000, 0x0000000089800000, 0x0000000089900000|  0%| F|  |TAMS 0x0000000089800000, 0x0000000089800000| Untracked 
| 153|0x0000000089900000, 0x0000000089900000, 0x0000000089a00000|  0%| F|  |TAMS 0x0000000089900000, 0x0000000089900000| Untracked 
| 154|0x0000000089a00000, 0x0000000089a00000, 0x0000000089b00000|  0%| F|  |TAMS 0x0000000089a00000, 0x0000000089a00000| Untracked 
| 155|0x0000000089b00000, 0x0000000089b00000, 0x0000000089c00000|  0%| F|  |TAMS 0x0000000089b00000, 0x0000000089b00000| Untracked 
| 156|0x0000000089c00000, 0x0000000089c00000, 0x0000000089d00000|  0%| F|  |TAMS 0x0000000089c00000, 0x0000000089c00000| Untracked 
| 157|0x0000000089d00000, 0x0000000089d00000, 0x0000000089e00000|  0%| F|  |TAMS 0x0000000089d00000, 0x0000000089d00000| Untracked 
| 158|0x0000000089e00000, 0x0000000089e00000, 0x0000000089f00000|  0%| F|  |TAMS 0x0000000089e00000, 0x0000000089e00000| Untracked 
| 159|0x0000000089f00000, 0x0000000089f00000, 0x000000008a000000|  0%| F|  |TAMS 0x0000000089f00000, 0x0000000089f00000| Untracked 
| 160|0x000000008a000000, 0x000000008a000000, 0x000000008a100000|  0%| F|  |TAMS 0x000000008a000000, 0x000000008a000000| Untracked 
| 161|0x000000008a100000, 0x000000008a100000, 0x000000008a200000|  0%| F|  |TAMS 0x000000008a100000, 0x000000008a100000| Untracked 
| 162|0x000000008a200000, 0x000000008a200000, 0x000000008a300000|  0%| F|  |TAMS 0x000000008a200000, 0x000000008a200000| Untracked 
| 163|0x000000008a300000, 0x000000008a300000, 0x000000008a400000|  0%| F|  |TAMS 0x000000008a300000, 0x000000008a300000| Untracked 
| 164|0x000000008a400000, 0x000000008a400000, 0x000000008a500000|  0%| F|  |TAMS 0x000000008a400000, 0x000000008a400000| Untracked 
| 165|0x000000008a500000, 0x000000008a500000, 0x000000008a600000|  0%| F|  |TAMS 0x000000008a500000, 0x000000008a500000| Untracked 
| 166|0x000000008a600000, 0x000000008a600000, 0x000000008a700000|  0%| F|  |TAMS 0x000000008a600000, 0x000000008a600000| Untracked 
| 167|0x000000008a700000, 0x000000008a700000, 0x000000008a800000|  0%| F|  |TAMS 0x000000008a700000, 0x000000008a700000| Untracked 
| 168|0x000000008a800000, 0x000000008a800000, 0x000000008a900000|  0%| F|  |TAMS 0x000000008a800000, 0x000000008a800000| Untracked 
| 169|0x000000008a900000, 0x000000008aa00000, 0x000000008aa00000|100%| S|CS|TAMS 0x000000008a900000, 0x000000008a900000| Complete 
| 170|0x000000008aa00000, 0x000000008ab00000, 0x000000008ab00000|100%| S|CS|TAMS 0x000000008aa00000, 0x000000008aa00000| Complete 
| 171|0x000000008ab00000, 0x000000008ac00000, 0x000000008ac00000|100%| S|CS|TAMS 0x000000008ab00000, 0x000000008ab00000| Complete 
| 172|0x000000008ac00000, 0x000000008ac00000, 0x000000008ad00000|  0%| F|  |TAMS 0x000000008ac00000, 0x000000008ac00000| Untracked 
| 173|0x000000008ad00000, 0x000000008ad00000, 0x000000008ae00000|  0%| F|  |TAMS 0x000000008ad00000, 0x000000008ad00000| Untracked 
| 174|0x000000008ae00000, 0x000000008ae00000, 0x000000008af00000|  0%| F|  |TAMS 0x000000008ae00000, 0x000000008ae00000| Untracked 
| 175|0x000000008af00000, 0x000000008af00000, 0x000000008b000000|  0%| F|  |TAMS 0x000000008af00000, 0x000000008af00000| Untracked 
| 176|0x000000008b000000, 0x000000008b000000, 0x000000008b100000|  0%| F|  |TAMS 0x000000008b000000, 0x000000008b000000| Untracked 
| 177|0x000000008b100000, 0x000000008b100000, 0x000000008b200000|  0%| F|  |TAMS 0x000000008b100000, 0x000000008b100000| Untracked 
| 178|0x000000008b200000, 0x000000008b200000, 0x000000008b300000|  0%| F|  |TAMS 0x000000008b200000, 0x000000008b200000| Untracked 
| 179|0x000000008b300000, 0x000000008b300000, 0x000000008b400000|  0%| F|  |TAMS 0x000000008b300000, 0x000000008b300000| Untracked 
| 180|0x000000008b400000, 0x000000008b400000, 0x000000008b500000|  0%| F|  |TAMS 0x000000008b400000, 0x000000008b400000| Untracked 
| 181|0x000000008b500000, 0x000000008b500000, 0x000000008b600000|  0%| F|  |TAMS 0x000000008b500000, 0x000000008b500000| Untracked 
| 182|0x000000008b600000, 0x000000008b600000, 0x000000008b700000|  0%| F|  |TAMS 0x000000008b600000, 0x000000008b600000| Untracked 
| 183|0x000000008b700000, 0x000000008b700000, 0x000000008b800000|  0%| F|  |TAMS 0x000000008b700000, 0x000000008b700000| Untracked 
| 184|0x000000008b800000, 0x000000008b800000, 0x000000008b900000|  0%| F|  |TAMS 0x000000008b800000, 0x000000008b800000| Untracked 
| 185|0x000000008b900000, 0x000000008b900000, 0x000000008ba00000|  0%| F|  |TAMS 0x000000008b900000, 0x000000008b900000| Untracked 
| 186|0x000000008ba00000, 0x000000008ba00000, 0x000000008bb00000|  0%| F|  |TAMS 0x000000008ba00000, 0x000000008ba00000| Untracked 
| 187|0x000000008bb00000, 0x000000008bb00000, 0x000000008bc00000|  0%| F|  |TAMS 0x000000008bb00000, 0x000000008bb00000| Untracked 
| 188|0x000000008bc00000, 0x000000008bc00000, 0x000000008bd00000|  0%| F|  |TAMS 0x000000008bc00000, 0x000000008bc00000| Untracked 
| 189|0x000000008bd00000, 0x000000008bd00000, 0x000000008be00000|  0%| F|  |TAMS 0x000000008bd00000, 0x000000008bd00000| Untracked 
| 190|0x000000008be00000, 0x000000008be00000, 0x000000008bf00000|  0%| F|  |TAMS 0x000000008be00000, 0x000000008be00000| Untracked 
| 191|0x000000008bf00000, 0x000000008bf00000, 0x000000008c000000|  0%| F|  |TAMS 0x000000008bf00000, 0x000000008bf00000| Untracked 
| 192|0x000000008c000000, 0x000000008c000000, 0x000000008c100000|  0%| F|  |TAMS 0x000000008c000000, 0x000000008c000000| Untracked 
| 193|0x000000008c100000, 0x000000008c100000, 0x000000008c200000|  0%| F|  |TAMS 0x000000008c100000, 0x000000008c100000| Untracked 
| 194|0x000000008c200000, 0x000000008c200000, 0x000000008c300000|  0%| F|  |TAMS 0x000000008c200000, 0x000000008c200000| Untracked 
| 195|0x000000008c300000, 0x000000008c300000, 0x000000008c400000|  0%| F|  |TAMS 0x000000008c300000, 0x000000008c300000| Untracked 
| 196|0x000000008c400000, 0x000000008c400000, 0x000000008c500000|  0%| F|  |TAMS 0x000000008c400000, 0x000000008c400000| Untracked 
| 197|0x000000008c500000, 0x000000008c500000, 0x000000008c600000|  0%| F|  |TAMS 0x000000008c500000, 0x000000008c500000| Untracked 
| 198|0x000000008c600000, 0x000000008c600000, 0x000000008c700000|  0%| F|  |TAMS 0x000000008c600000, 0x000000008c600000| Untracked 
| 199|0x000000008c700000, 0x000000008c700000, 0x000000008c800000|  0%| F|  |TAMS 0x000000008c700000, 0x000000008c700000| Untracked 
| 200|0x000000008c800000, 0x000000008c800000, 0x000000008c900000|  0%| F|  |TAMS 0x000000008c800000, 0x000000008c800000| Untracked 
| 201|0x000000008c900000, 0x000000008c900000, 0x000000008ca00000|  0%| F|  |TAMS 0x000000008c900000, 0x000000008c900000| Untracked 
| 202|0x000000008ca00000, 0x000000008ca00000, 0x000000008cb00000|  0%| F|  |TAMS 0x000000008ca00000, 0x000000008ca00000| Untracked 
| 203|0x000000008cb00000, 0x000000008cb00000, 0x000000008cc00000|  0%| F|  |TAMS 0x000000008cb00000, 0x000000008cb00000| Untracked 
| 204|0x000000008cc00000, 0x000000008cc00000, 0x000000008cd00000|  0%| F|  |TAMS 0x000000008cc00000, 0x000000008cc00000| Untracked 
| 205|0x000000008cd00000, 0x000000008cd00000, 0x000000008ce00000|  0%| F|  |TAMS 0x000000008cd00000, 0x000000008cd00000| Untracked 
| 206|0x000000008ce00000, 0x000000008ce00000, 0x000000008cf00000|  0%| F|  |TAMS 0x000000008ce00000, 0x000000008ce00000| Untracked 
| 207|0x000000008cf00000, 0x000000008cf00000, 0x000000008d000000|  0%| F|  |TAMS 0x000000008cf00000, 0x000000008cf00000| Untracked 
| 208|0x000000008d000000, 0x000000008d000000, 0x000000008d100000|  0%| F|  |TAMS 0x000000008d000000, 0x000000008d000000| Untracked 
| 209|0x000000008d100000, 0x000000008d100000, 0x000000008d200000|  0%| F|  |TAMS 0x000000008d100000, 0x000000008d100000| Untracked 
| 210|0x000000008d200000, 0x000000008d200000, 0x000000008d300000|  0%| F|  |TAMS 0x000000008d200000, 0x000000008d200000| Untracked 
| 211|0x000000008d300000, 0x000000008d300000, 0x000000008d400000|  0%| F|  |TAMS 0x000000008d300000, 0x000000008d300000| Untracked 
| 212|0x000000008d400000, 0x000000008d400000, 0x000000008d500000|  0%| F|  |TAMS 0x000000008d400000, 0x000000008d400000| Untracked 
| 213|0x000000008d500000, 0x000000008d500000, 0x000000008d600000|  0%| F|  |TAMS 0x000000008d500000, 0x000000008d500000| Untracked 
| 214|0x000000008d600000, 0x000000008d600000, 0x000000008d700000|  0%| F|  |TAMS 0x000000008d600000, 0x000000008d600000| Untracked 
| 215|0x000000008d700000, 0x000000008d700000, 0x000000008d800000|  0%| F|  |TAMS 0x000000008d700000, 0x000000008d700000| Untracked 
| 216|0x000000008d800000, 0x000000008d800000, 0x000000008d900000|  0%| F|  |TAMS 0x000000008d800000, 0x000000008d800000| Untracked 
| 217|0x000000008d900000, 0x000000008d900000, 0x000000008da00000|  0%| F|  |TAMS 0x000000008d900000, 0x000000008d900000| Untracked 
| 218|0x000000008da00000, 0x000000008da00000, 0x000000008db00000|  0%| F|  |TAMS 0x000000008da00000, 0x000000008da00000| Untracked 
| 219|0x000000008db00000, 0x000000008db00000, 0x000000008dc00000|  0%| F|  |TAMS 0x000000008db00000, 0x000000008db00000| Untracked 
| 220|0x000000008dc00000, 0x000000008dc00000, 0x000000008dd00000|  0%| F|  |TAMS 0x000000008dc00000, 0x000000008dc00000| Untracked 
| 221|0x000000008dd00000, 0x000000008dd00000, 0x000000008de00000|  0%| F|  |TAMS 0x000000008dd00000, 0x000000008dd00000| Untracked 
| 222|0x000000008de00000, 0x000000008de00000, 0x000000008df00000|  0%| F|  |TAMS 0x000000008de00000, 0x000000008de00000| Untracked 
| 223|0x000000008df00000, 0x000000008df00000, 0x000000008e000000|  0%| F|  |TAMS 0x000000008df00000, 0x000000008df00000| Untracked 
| 224|0x000000008e000000, 0x000000008e000000, 0x000000008e100000|  0%| F|  |TAMS 0x000000008e000000, 0x000000008e000000| Untracked 
| 225|0x000000008e100000, 0x000000008e100000, 0x000000008e200000|  0%| F|  |TAMS 0x000000008e100000, 0x000000008e100000| Untracked 
| 226|0x000000008e200000, 0x000000008e200000, 0x000000008e300000|  0%| F|  |TAMS 0x000000008e200000, 0x000000008e200000| Untracked 
| 227|0x000000008e300000, 0x000000008e300000, 0x000000008e400000|  0%| F|  |TAMS 0x000000008e300000, 0x000000008e300000| Untracked 
| 228|0x000000008e400000, 0x000000008e400000, 0x000000008e500000|  0%| F|  |TAMS 0x000000008e400000, 0x000000008e400000| Untracked 
| 229|0x000000008e500000, 0x000000008e500000, 0x000000008e600000|  0%| F|  |TAMS 0x000000008e500000, 0x000000008e500000| Untracked 
| 230|0x000000008e600000, 0x000000008e600000, 0x000000008e700000|  0%| F|  |TAMS 0x000000008e600000, 0x000000008e600000| Untracked 
| 231|0x000000008e700000, 0x000000008e700000, 0x000000008e800000|  0%| F|  |TAMS 0x000000008e700000, 0x000000008e700000| Untracked 
| 232|0x000000008e800000, 0x000000008e800000, 0x000000008e900000|  0%| F|  |TAMS 0x000000008e800000, 0x000000008e800000| Untracked 
| 233|0x000000008e900000, 0x000000008e900000, 0x000000008ea00000|  0%| F|  |TAMS 0x000000008e900000, 0x000000008e900000| Untracked 
| 234|0x000000008ea00000, 0x000000008ea00000, 0x000000008eb00000|  0%| F|  |TAMS 0x000000008ea00000, 0x000000008ea00000| Untracked 
| 235|0x000000008eb00000, 0x000000008eb00000, 0x000000008ec00000|  0%| F|  |TAMS 0x000000008eb00000, 0x000000008eb00000| Untracked 
| 236|0x000000008ec00000, 0x000000008ec00000, 0x000000008ed00000|  0%| F|  |TAMS 0x000000008ec00000, 0x000000008ec00000| Untracked 
| 237|0x000000008ed00000, 0x000000008ed00000, 0x000000008ee00000|  0%| F|  |TAMS 0x000000008ed00000, 0x000000008ed00000| Untracked 
| 238|0x000000008ee00000, 0x000000008ee00000, 0x000000008ef00000|  0%| F|  |TAMS 0x000000008ee00000, 0x000000008ee00000| Untracked 
| 239|0x000000008ef00000, 0x000000008ef00000, 0x000000008f000000|  0%| F|  |TAMS 0x000000008ef00000, 0x000000008ef00000| Untracked 
| 240|0x000000008f000000, 0x000000008f000000, 0x000000008f100000|  0%| F|  |TAMS 0x000000008f000000, 0x000000008f000000| Untracked 
| 241|0x000000008f100000, 0x000000008f100000, 0x000000008f200000|  0%| F|  |TAMS 0x000000008f100000, 0x000000008f100000| Untracked 
| 242|0x000000008f200000, 0x000000008f200000, 0x000000008f300000|  0%| F|  |TAMS 0x000000008f200000, 0x000000008f200000| Untracked 
| 243|0x000000008f300000, 0x000000008f300000, 0x000000008f400000|  0%| F|  |TAMS 0x000000008f300000, 0x000000008f300000| Untracked 
| 244|0x000000008f400000, 0x000000008f400000, 0x000000008f500000|  0%| F|  |TAMS 0x000000008f400000, 0x000000008f400000| Untracked 
| 245|0x000000008f500000, 0x000000008f500000, 0x000000008f600000|  0%| F|  |TAMS 0x000000008f500000, 0x000000008f500000| Untracked 
| 246|0x000000008f600000, 0x000000008f600000, 0x000000008f700000|  0%| F|  |TAMS 0x000000008f600000, 0x000000008f600000| Untracked 
| 247|0x000000008f700000, 0x000000008f700000, 0x000000008f800000|  0%| F|  |TAMS 0x000000008f700000, 0x000000008f700000| Untracked 

Card table byte_map: [0x000001cf59820000,0x000001cf59c20000] _byte_map_base: 0x000001cf59420000

Marking Bits (Prev, Next): (CMBitMap*) 0x000001cf44b50a68, (CMBitMap*) 0x000001cf44b50aa0
 Prev Bits: [0x000001cf5a020000, 0x000001cf5c020000)
 Next Bits: [0x000001cf5c020000, 0x000001cf5e020000)

Polling page: 0x000001cf449e0000

Metaspace:

Usage:
  Non-class:     95.29 MB capacity,    93.64 MB ( 98%) used,     1.32 MB (  1%) free+waste,   349.44 KB ( <1%) overhead. 
      Class:     14.53 MB capacity,    13.48 MB ( 93%) used,   925.29 KB (  6%) free+waste,   153.44 KB (  1%) overhead. 
       Both:    109.83 MB capacity,   107.12 MB ( 98%) used,     2.22 MB (  2%) free+waste,   502.88 KB ( <1%) overhead. 

Virtual space:
  Non-class space:       96.00 MB reserved,      95.37 MB (>99%) committed 
      Class space:        1.00 GB reserved,      14.63 MB (  1%) committed 
             Both:        1.09 GB reserved,     110.00 MB ( 10%) committed 

Chunk freelists:
   Non-Class:  0 bytes
       Class:  0 bytes
        Both:  0 bytes

MaxMetaspaceSize: 17179869184.00 GB
CompressedClassSpaceSize: 1.00 GB

CodeHeap 'non-profiled nmethods': size=120064Kb used=11372Kb max_used=11372Kb free=108691Kb
 bounds [0x000001cf518c0000, 0x000001cf523e0000, 0x000001cf58e00000]
CodeHeap 'profiled nmethods': size=120000Kb used=39618Kb max_used=39618Kb free=80381Kb
 bounds [0x000001cf4a390000, 0x000001cf4ca50000, 0x000001cf518c0000]
CodeHeap 'non-nmethods': size=5696Kb used=2324Kb max_used=2375Kb free=3371Kb
 bounds [0x000001cf49e00000, 0x000001cf4a070000, 0x000001cf4a390000]
 total_blobs=17973 nmethods=17033 adapters=849
 compilation: enabled
              stopped_count=0, restarted_count=0
 full_count=0

Compilation events (20 events):
Event: 171.148 Thread 0x000001cf60e93800 18221       1       com.android.tools.r8.internal.Eu::hasNext (2 bytes)
Event: 171.148 Thread 0x000001cf60e93800 nmethod 18221 0x000001cf523db290 code [0x000001cf523db440, 0x000001cf523db4f8]
Event: 171.150 Thread 0x000001cf60e93800 18222       1       com.android.tools.r8.internal.Qr::V0 (2 bytes)
Event: 171.150 Thread 0x000001cf60e93800 nmethod 18222 0x000001cf523db590 code [0x000001cf523db740, 0x000001cf523db7f8]
Event: 171.154 Thread 0x000001cf60e93800 18223       2       com.android.tools.r8.internal.pe$a::get (29 bytes)
Event: 171.155 Thread 0x000001cf60e93800 nmethod 18223 0x000001cf4ca47490 code [0x000001cf4ca47660, 0x000001cf4ca47858]
Event: 171.155 Thread 0x000001cf60e93800 18224       2       com.android.tools.r8.internal.pe::b (7 bytes)
Event: 171.155 Thread 0x000001cf60e93800 nmethod 18224 0x000001cf4ca47990 code [0x000001cf4ca47b40, 0x000001cf4ca47c48]
Event: 171.158 Thread 0x000001cf60e93800 18225       2       com.android.tools.r8.internal.mi::a (121 bytes)
Event: 171.158 Thread 0x000001cf60e93800 nmethod 18225 0x000001cf4ca47d10 code [0x000001cf4ca47ee0, 0x000001cf4ca481b8]
Event: 171.228 Thread 0x000001cf60e93800 18226       2       com.android.tools.r8.graph.z::P0 (49 bytes)
Event: 171.229 Thread 0x000001cf60e93800 nmethod 18226 0x000001cf4ca48390 code [0x000001cf4ca48560, 0x000001cf4ca487c8]
Event: 171.242 Thread 0x000001cf60e93800 18227       2       com.android.tools.r8.ir.regalloc.a::a (330 bytes)
Event: 171.246 Thread 0x000001cf60e93800 nmethod 18227 0x000001cf4ca48910 code [0x000001cf4ca48c80, 0x000001cf4ca49b28]
Event: 171.246 Thread 0x000001cf60e93800 18228       2       com.android.tools.r8.ir.regalloc.b::a (74 bytes)
Event: 171.246 Thread 0x000001cf60e93800 nmethod 18228 0x000001cf4ca4a510 code [0x000001cf4ca4a6c0, 0x000001cf4ca4a7b8]
Event: 171.247 Thread 0x000001cf60e93800 18229       3       com.android.tools.r8.ir.regalloc.b::d (44 bytes)
Event: 171.248 Thread 0x000001cf60e93800 nmethod 18229 0x000001cf4ca4a890 code [0x000001cf4ca4aaa0, 0x000001cf4ca4b138]
Event: 171.479 Thread 0x000001cf60e93800 18232       2       com.android.tools.r8.graph.I0::b (55 bytes)
Event: 171.480 Thread 0x000001cf60e93800 nmethod 18232 0x000001cf4ca4b390 code [0x000001cf4ca4b540, 0x000001cf4ca4b688]

GC Heap History (20 events):
Event: 157.570 GC heap after
{Heap after GC invocations=110 (full 0):
 garbage-first heap   total 210944K, used 126385K [0x0000000080000000, 0x0000000100000000)
  region size 1024K, 1 young (1024K), 1 survivors (1024K)
 Metaspace       used 104927K, capacity 107595K, committed 107644K, reserved 1142784K
  class space    used 13291K, capacity 14312K, committed 14336K, reserved 1048576K
}
Event: 159.480 GC heap before
{Heap before GC invocations=110 (full 0):
 garbage-first heap   total 210944K, used 160177K [0x0000000080000000, 0x0000000100000000)
  region size 1024K, 34 young (34816K), 1 survivors (1024K)
 Metaspace       used 106967K, capacity 109705K, committed 110076K, reserved 1144832K
  class space    used 13548K, capacity 14593K, committed 14720K, reserved 1048576K
}
Event: 159.540 GC heap after
{Heap after GC invocations=111 (full 0):
 garbage-first heap   total 210944K, used 126418K [0x0000000080000000, 0x0000000100000000)
  region size 1024K, 1 young (1024K), 1 survivors (1024K)
 Metaspace       used 106967K, capacity 109705K, committed 110076K, reserved 1144832K
  class space    used 13548K, capacity 14593K, committed 14720K, reserved 1048576K
}
Event: 160.427 GC heap before
{Heap before GC invocations=111 (full 0):
 garbage-first heap   total 210944K, used 163282K [0x0000000080000000, 0x0000000100000000)
  region size 1024K, 38 young (38912K), 1 survivors (1024K)
 Metaspace       used 107590K, capacity 110330K, committed 110588K, reserved 1144832K
  class space    used 13598K, capacity 14629K, committed 14720K, reserved 1048576K
}
Event: 160.433 GC heap after
{Heap after GC invocations=112 (full 0):
 garbage-first heap   total 210944K, used 126573K [0x0000000080000000, 0x0000000100000000)
  region size 1024K, 1 young (1024K), 1 survivors (1024K)
 Metaspace       used 107590K, capacity 110330K, committed 110588K, reserved 1144832K
  class space    used 13598K, capacity 14629K, committed 14720K, reserved 1048576K
}
Event: 160.978 GC heap before
{Heap before GC invocations=112 (full 0):
 garbage-first heap   total 210944K, used 166509K [0x0000000080000000, 0x0000000100000000)
  region size 1024K, 40 young (40960K), 1 survivors (1024K)
 Metaspace       used 108069K, capacity 110792K, committed 110844K, reserved 1144832K
  class space    used 13635K, capacity 14669K, committed 14720K, reserved 1048576K
}
Event: 160.988 GC heap after
{Heap after GC invocations=113 (full 0):
 garbage-first heap   total 210944K, used 127627K [0x0000000080000000, 0x0000000100000000)
  region size 1024K, 2 young (2048K), 2 survivors (2048K)
 Metaspace       used 108069K, capacity 110792K, committed 110844K, reserved 1144832K
  class space    used 13635K, capacity 14669K, committed 14720K, reserved 1048576K
}
Event: 161.420 GC heap before
{Heap before GC invocations=113 (full 0):
 garbage-first heap   total 210944K, used 168587K [0x0000000080000000, 0x0000000100000000)
  region size 1024K, 42 young (43008K), 2 survivors (2048K)
 Metaspace       used 108209K, capacity 110938K, committed 111100K, reserved 1146880K
  class space    used 13638K, capacity 14673K, committed 14720K, reserved 1048576K
}
Event: 161.437 GC heap after
{Heap after GC invocations=114 (full 0):
 garbage-first heap   total 210944K, used 127240K [0x0000000080000000, 0x0000000100000000)
  region size 1024K, 2 young (2048K), 2 survivors (2048K)
 Metaspace       used 108209K, capacity 110938K, committed 111100K, reserved 1146880K
  class space    used 13638K, capacity 14673K, committed 14720K, reserved 1048576K
}
Event: 162.078 GC heap before
{Heap before GC invocations=114 (full 0):
 garbage-first heap   total 210944K, used 170248K [0x0000000080000000, 0x0000000100000000)
  region size 1024K, 44 young (45056K), 2 survivors (2048K)
 Metaspace       used 108332K, capacity 111090K, committed 111228K, reserved 1146880K
  class space    used 13661K, capacity 14722K, committed 14848K, reserved 1048576K
}
Event: 162.100 GC heap after
{Heap after GC invocations=115 (full 0):
 garbage-first heap   total 210944K, used 127321K [0x0000000080000000, 0x0000000100000000)
  region size 1024K, 2 young (2048K), 2 survivors (2048K)
 Metaspace       used 108332K, capacity 111090K, committed 111228K, reserved 1146880K
  class space    used 13661K, capacity 14722K, committed 14848K, reserved 1048576K
}
Event: 164.796 GC heap before
{Heap before GC invocations=115 (full 0):
 garbage-first heap   total 210944K, used 172377K [0x0000000080000000, 0x0000000100000000)
  region size 1024K, 46 young (47104K), 2 survivors (2048K)
 Metaspace       used 108333K, capacity 111032K, committed 111484K, reserved 1146880K
  class space    used 13633K, capacity 14648K, committed 14848K, reserved 1048576K
}
Event: 164.849 GC heap after
{Heap after GC invocations=116 (full 0):
 garbage-first heap   total 253952K, used 127454K [0x0000000080000000, 0x0000000100000000)
  region size 1024K, 2 young (2048K), 2 survivors (2048K)
 Metaspace       used 108333K, capacity 111032K, committed 111484K, reserved 1146880K
  class space    used 13633K, capacity 14648K, committed 14848K, reserved 1048576K
}
Event: 166.914 GC heap before
{Heap before GC invocations=117 (full 0):
 garbage-first heap   total 253952K, used 190942K [0x0000000080000000, 0x0000000100000000)
  region size 1024K, 65 young (66560K), 2 survivors (2048K)
 Metaspace       used 108813K, capacity 111503K, committed 111740K, reserved 1146880K
  class space    used 13691K, capacity 14719K, committed 14848K, reserved 1048576K
}
Event: 166.969 GC heap after
{Heap after GC invocations=118 (full 0):
 garbage-first heap   total 253952K, used 128326K [0x0000000080000000, 0x0000000100000000)
  region size 1024K, 3 young (3072K), 3 survivors (3072K)
 Metaspace       used 108813K, capacity 111503K, committed 111740K, reserved 1146880K
  class space    used 13691K, capacity 14719K, committed 14848K, reserved 1048576K
}
Event: 168.008 GC heap before
{Heap before GC invocations=118 (full 0):
 garbage-first heap   total 253952K, used 193862K [0x0000000080000000, 0x0000000100000000)
  region size 1024K, 68 young (69632K), 3 survivors (3072K)
 Metaspace       used 109126K, capacity 111872K, committed 111996K, reserved 1146880K
  class space    used 13729K, capacity 14775K, committed 14848K, reserved 1048576K
}
Event: 168.049 GC heap after
{Heap after GC invocations=119 (full 0):
 garbage-first heap   total 253952K, used 128686K [0x0000000080000000, 0x0000000100000000)
  region size 1024K, 3 young (3072K), 3 survivors (3072K)
 Metaspace       used 109126K, capacity 111872K, committed 111996K, reserved 1146880K
  class space    used 13729K, capacity 14775K, committed 14848K, reserved 1048576K
}
Event: 170.012 GC heap before
{Heap before GC invocations=119 (full 0):
 garbage-first heap   total 253952K, used 206510K [0x0000000080000000, 0x0000000100000000)
  region size 1024K, 79 young (80896K), 3 survivors (3072K)
 Metaspace       used 109639K, capacity 112434K, committed 112636K, reserved 1146880K
  class space    used 13798K, capacity 14873K, committed 14976K, reserved 1048576K
}
Event: 170.104 GC heap after
{Heap after GC invocations=120 (full 0):
 garbage-first heap   total 253952K, used 128689K [0x0000000080000000, 0x0000000100000000)
  region size 1024K, 3 young (3072K), 3 survivors (3072K)
 Metaspace       used 109639K, capacity 112434K, committed 112636K, reserved 1146880K
  class space    used 13798K, capacity 14873K, committed 14976K, reserved 1048576K
}
Event: 171.496 GC heap before
{Heap before GC invocations=120 (full 0):
 garbage-first heap   total 253952K, used 206513K [0x0000000080000000, 0x0000000100000000)
  region size 1024K, 79 young (80896K), 3 survivors (3072K)
 Metaspace       used 109687K, capacity 112464K, committed 112636K, reserved 1146880K
  class space    used 13803K, capacity 14882K, committed 14976K, reserved 1048576K
}

Deoptimization events (20 events):
Event: 170.548 Thread 0x000001cf6619f800 DEOPT PACKING pc=0x000001cf4c4d43dc sp=0x0000000bf0ff8cf0
Event: 170.549 Thread 0x000001cf6619f800 DEOPT UNPACKING pc=0x000001cf49e276ce sp=0x0000000bf0ff8328 mode 0
Event: 170.606 Thread 0x000001cf661a6800 Uncommon trap: trap_request=0xffffffd6 fr.pc=0x000001cf519a7234 relative=0x0000000000002a94
Event: 170.606 Thread 0x000001cf661a6800 Uncommon trap: reason=array_check action=maybe_recompile pc=0x000001cf519a7234 method=java.util.TimSort.reverseRange([Ljava/lang/Object;II)V @ 20 c2
Event: 170.606 Thread 0x000001cf661a6800 DEOPT PACKING pc=0x000001cf519a7234 sp=0x0000000bf17fcb00
Event: 170.606 Thread 0x000001cf661a6800 DEOPT UNPACKING pc=0x000001cf49e278af sp=0x0000000bf17fc960 mode 2
Event: 170.678 Thread 0x000001cf6619b800 DEOPT PACKING pc=0x000001cf4c80ada1 sp=0x0000000bf0af8f20
Event: 170.678 Thread 0x000001cf6619b800 DEOPT UNPACKING pc=0x000001cf49e276ce sp=0x0000000bf0af86e0 mode 0
Event: 170.931 Thread 0x000001cf661a6800 Uncommon trap: trap_request=0xffffffd6 fr.pc=0x000001cf519a7234 relative=0x0000000000002a94
Event: 170.931 Thread 0x000001cf661a6800 Uncommon trap: reason=array_check action=maybe_recompile pc=0x000001cf519a7234 method=java.util.TimSort.reverseRange([Ljava/lang/Object;II)V @ 20 c2
Event: 170.931 Thread 0x000001cf661a6800 DEOPT PACKING pc=0x000001cf519a7234 sp=0x0000000bf17fdac0
Event: 170.932 Thread 0x000001cf661a6800 DEOPT UNPACKING pc=0x000001cf49e278af sp=0x0000000bf17fd920 mode 2
Event: 170.979 Thread 0x000001cf638ba800 Uncommon trap: trap_request=0xffffffbe fr.pc=0x000001cf5227d74c relative=0x0000000000000acc
Event: 170.995 Thread 0x000001cf638ba800 Uncommon trap: reason=profile_predicate action=maybe_recompile pc=0x000001cf5227d74c method=com.esotericsoftware.kryo.io.Output.writeString(Ljava/lang/CharSequence;)V @ 67 c2
Event: 170.996 Thread 0x000001cf638ba800 DEOPT PACKING pc=0x000001cf5227d74c sp=0x0000000bef2fe4c0
Event: 171.001 Thread 0x000001cf638ba800 DEOPT UNPACKING pc=0x000001cf49e278af sp=0x0000000bef2fe3a8 mode 2
Event: 171.153 Thread 0x000001cf661a6800 Uncommon trap: trap_request=0xffffffd6 fr.pc=0x000001cf519a7234 relative=0x0000000000002a94
Event: 171.153 Thread 0x000001cf661a6800 Uncommon trap: reason=array_check action=maybe_recompile pc=0x000001cf519a7234 method=java.util.TimSort.reverseRange([Ljava/lang/Object;II)V @ 20 c2
Event: 171.153 Thread 0x000001cf661a6800 DEOPT PACKING pc=0x000001cf519a7234 sp=0x0000000bf17fc9d0
Event: 171.154 Thread 0x000001cf661a6800 DEOPT UNPACKING pc=0x000001cf49e278af sp=0x0000000bf17fc830 mode 2

Classes redefined (0 events):
No events

Internal exceptions (20 events):
Event: 152.403 Thread 0x000001cf6619b800 Exception <a 'java/lang/IncompatibleClassChangeError'{0x000000008a2b6990}: Found class java.lang.Object, but interface was expected> (0x000000008a2b6990) thrown at [./src/hotspot/share/interpreter/linkResolver.cpp, line 839]
Event: 154.985 Thread 0x000001cf661a6800 Implicit null exception at 0x000001cf51cce84a to 0x000001cf51cd3e20
Event: 156.944 Thread 0x000001cf661a6800 Exception <a 'java/lang/NoSuchMethodError'{0x00000000898d17d8}: 'java.lang.Object java.lang.invoke.DirectMethodHandle$Holder.invokeVirtual(java.lang.Object, java.lang.Object, int, java.lang.Object)'> (0x00000000898d17d8) thrown at [./src/hotspot/share/interpreter/linkResolver.cpp, line 773]
Event: 156.949 Thread 0x000001cf6619b800 Exception <a 'java/lang/NoSuchMethodError'{0x0000000089933750}: 'java.lang.Object java.lang.invoke.DirectMethodHandle$Holder.invokeVirtual(java.lang.Object, java.lang.Object, int, java.lang.Object)'> (0x0000000089933750) thrown at [./src/hotspot/share/interpreter/linkResolver.cpp, line 773]
Event: 156.966 Thread 0x000001cf6619f800 Exception <a 'java/lang/NoSuchMethodError'{0x00000000898ba968}: 'java.lang.Object java.lang.invoke.DirectMethodHandle$Holder.invokeVirtual(java.lang.Object, java.lang.Object, int, java.lang.Object)'> (0x00000000898ba968) thrown at [./src/hotspot/share/interpreter/linkResolver.cpp, line 773]
Event: 157.037 Thread 0x000001cf6619b800 Exception <a 'java/lang/IncompatibleClassChangeError'{0x00000000897880e0}: Found class java.lang.Object, but interface was expected> (0x00000000897880e0) thrown at [./src/hotspot/share/interpreter/linkResolver.cpp, line 839]
Event: 157.037 Thread 0x000001cf6619f800 Exception <a 'java/lang/IncompatibleClassChangeError'{0x00000000898c3e68}: Found class java.lang.Object, but interface was expected> (0x00000000898c3e68) thrown at [./src/hotspot/share/interpreter/linkResolver.cpp, line 839]
Event: 157.039 Thread 0x000001cf6619b800 Exception <a 'java/lang/IncompatibleClassChangeError'{0x0000000089792a38}: Found class java.lang.Object, but interface was expected> (0x0000000089792a38) thrown at [./src/hotspot/share/interpreter/linkResolver.cpp, line 839]
Event: 157.147 Thread 0x000001cf6619f800 Exception <a 'java/lang/NoSuchMethodError'{0x000000008aa3c438}: 'void java.lang.invoke.DirectMethodHandle$Holder.invokeVirtual(java.lang.Object, java.lang.Object, int, java.lang.Object)'> (0x000000008aa3c438) thrown at [./src/hotspot/share/interpreter/linkResolver.cpp, line 773]
Event: 157.350 Thread 0x000001cf66197800 Exception <a 'java/lang/NoSuchMethodError'{0x000000008a7c2208}: 'int java.lang.invoke.DirectMethodHandle$Holder.invokeSpecial(java.lang.Object, java.lang.Object, java.lang.Object, int, java.lang.Object)'> (0x000000008a7c2208) thrown at [./src/hotspot/share/interpreter/linkResolver.cpp, line 773]
Event: 157.382 Thread 0x000001cf6619b800 Exception <a 'java/lang/NoSuchMethodError'{0x000000008a66aaa0}: 'java.lang.Object java.lang.invoke.DirectMethodHandle$Holder.newInvokeSpecial(java.lang.Object, int)'> (0x000000008a66aaa0) thrown at [./src/hotspot/share/interpreter/linkResolver.cpp, line 773]
Event: 157.382 Thread 0x000001cf6619f800 Exception <a 'java/lang/NoSuchMethodError'{0x000000008a7e95a0}: 'java.lang.Object java.lang.invoke.DirectMethodHandle$Holder.newInvokeSpecial(java.lang.Object, int)'> (0x000000008a7e95a0) thrown at [./src/hotspot/share/interpreter/linkResolver.cpp, line 773]
Event: 160.520 Thread 0x000001cf6619b800 Exception <a 'java/lang/NoSuchMethodError'{0x000000008c77eb90}: 'int java.lang.invoke.DirectMethodHandle$Holder.invokeInterface(java.lang.Object, java.lang.Object, int)'> (0x000000008c77eb90) thrown at [./src/hotspot/share/interpreter/linkResolver.cpp, line 773]
Event: 165.678 Thread 0x000001cf661a6800 Exception <a 'java/lang/NoSuchMethodError'{0x000000008e0df920}: 'void java.lang.invoke.DirectMethodHandle$Holder.invokeSpecial(java.lang.Object, java.lang.Object, int, java.lang.Object, java.lang.Object, java.lang.Object, java.lang.Object)'> (0x000000008e0df920) thrown at [./src/hotspot/share/interpreter/linkResolver.cpp, line 773]
Event: 165.766 Thread 0x000001cf661a6800 Exception <a 'java/lang/NoSuchMethodError'{0x000000008e0eb5c0}: 'java.lang.Object java.lang.invoke.Invokers$Holder.linkToTargetMethod(java.lang.Object, int, java.lang.Object, java.lang.Object, java.lang.Object, java.lang.Object)'> (0x000000008e0eb5c0) thrown at [./src/hotspot/share/interpreter/linkResolver.cpp, line 773]
Event: 165.769 Thread 0x000001cf661a6800 Exception <a 'java/lang/NoSuchMethodError'{0x000000008e0efa70}: 'void java.lang.invoke.DirectMethodHandle$Holder.invokeSpecial(java.lang.Object, java.lang.Object, java.lang.Object, java.lang.Object, java.lang.Object, java.lang.Object, java.lang.Object, java.lang.Object, java.lang.Object)'> (0x000000008e0efa70) thrown at [./src/hotspot/share/interpreter/linkResolver.cpp, line 773]
Event: 165.780 Thread 0x000001cf661a6800 Exception <a 'java/lang/NoSuchMethodError'{0x000000008d771dd0}: 'void java.lang.invoke.DirectMethodHandle$Holder.invokeStatic(java.lang.Object, java.lang.Object, java.lang.Object, java.lang.Object, java.lang.Object, java.lang.Object, java.lang.Object, java.lang.Object)'> (0x000000008d771dd0) thrown at [./src/hotspot/share/interpreter/linkResolver.cpp, line 773]
Event: 167.259 Thread 0x000001cf661a6800 Exception <a 'java/lang/IncompatibleClassChangeError'{0x000000008dcece28}: Found class java.lang.Object, but interface was expected> (0x000000008dcece28) thrown at [./src/hotspot/share/interpreter/linkResolver.cpp, line 839]
Event: 168.921 Thread 0x000001cf661a6800 Exception <a 'java/lang/NoSuchMethodError'{0x000000008c774ad0}: 'void java.lang.invoke.DirectMethodHandle$Holder.invokeVirtual(java.lang.Object, java.lang.Object, int)'> (0x000000008c774ad0) thrown at [./src/hotspot/share/interpreter/linkResolver.cpp, line 773]
Event: 169.763 Thread 0x000001cf661a6800 Exception <a 'sun/nio/fs/WindowsException'{0x000000008b715d28}> (0x000000008b715d28) thrown at [./src/hotspot/share/prims/jni.cpp, line 615]

Events (20 events):
Event: 171.035 loading class com/android/tools/r8/code/L0 done
Event: 171.035 loading class com/android/tools/r8/code/L0
Event: 171.035 loading class com/android/tools/r8/code/L0 done
Event: 171.038 loading class com/android/tools/r8/internal/GE
Event: 171.038 loading class com/android/tools/r8/internal/GE done
Event: 171.038 loading class com/android/tools/r8/internal/GE
Event: 171.038 loading class com/android/tools/r8/internal/GE done
Event: 171.038 loading class com/android/tools/r8/internal/FE
Event: 171.038 loading class com/android/tools/r8/internal/FE done
Event: 171.039 loading class com/android/tools/r8/graph/d0
Event: 171.039 loading class com/android/tools/r8/graph/d0 done
Event: 171.039 loading class com/android/tools/r8/graph/Q
Event: 171.039 loading class com/android/tools/r8/graph/Q done
Event: 171.040 loading class com/android/tools/r8/graph/c0
Event: 171.040 loading class com/android/tools/r8/graph/c0 done
Event: 171.040 loading class com/android/tools/r8/graph/Q
Event: 171.040 loading class com/android/tools/r8/graph/Q done
Event: 171.042 loading class com/android/tools/r8/graph/d0
Event: 171.042 loading class com/android/tools/r8/graph/d0 done
Event: 171.491 Executing VM operation: G1CollectForAllocation


Dynamic libraries:
0x00007ff7bed90000 - 0x00007ff7bed9a000 	C:\Program Files\Android\Android Studio\jre\bin\java.exe
0x00007ffee5310000 - 0x00007ffee5505000 	C:\WINDOWS\SYSTEM32\ntdll.dll
0x00007ffee4270000 - 0x00007ffee432e000 	C:\WINDOWS\System32\KERNEL32.DLL
0x00007ffee2ce0000 - 0x00007ffee2fa8000 	C:\WINDOWS\System32\KERNELBASE.dll
0x00007ffee2be0000 - 0x00007ffee2ce0000 	C:\WINDOWS\System32\ucrtbase.dll
0x00007ffed4890000 - 0x00007ffed48a9000 	C:\Program Files\Android\Android Studio\jre\bin\jli.dll
0x00007ffed3ef0000 - 0x00007ffed3f07000 	C:\Program Files\Android\Android Studio\jre\bin\VCRUNTIME140.dll
0x00007ffee4020000 - 0x00007ffee41c1000 	C:\WINDOWS\System32\USER32.dll
0x00007ffed33f0000 - 0x00007ffed368a000 	C:\WINDOWS\WinSxS\amd64_microsoft.windows.common-controls_6595b64144ccf1df_6.0.19041.1110_none_60b5254171f9507e\COMCTL32.dll
0x00007ffee41d0000 - 0x00007ffee426e000 	C:\WINDOWS\System32\msvcrt.dll
0x00007ffee3e00000 - 0x00007ffee3e2b000 	C:\WINDOWS\System32\GDI32.dll
0x00007ffee3050000 - 0x00007ffee3072000 	C:\WINDOWS\System32\win32u.dll
0x00007ffee2a20000 - 0x00007ffee2b2d000 	C:\WINDOWS\System32\gdi32full.dll
0x00007ffee2fb0000 - 0x00007ffee304d000 	C:\WINDOWS\System32\msvcp_win.dll
0x00007ffee3920000 - 0x00007ffee3950000 	C:\WINDOWS\System32\IMM32.DLL
0x00007ffeafbe0000 - 0x00007ffeafc7d000 	C:\Program Files\Android\Android Studio\jre\bin\msvcp140.dll
0x00007ffeb4fb0000 - 0x00007ffeb5a7f000 	C:\Program Files\Android\Android Studio\jre\bin\server\jvm.dll
0x00007ffee3e90000 - 0x00007ffee3f3e000 	C:\WINDOWS\System32\ADVAPI32.dll
0x00007ffee3b60000 - 0x00007ffee3bfc000 	C:\WINDOWS\System32\sechost.dll
0x00007ffee4570000 - 0x00007ffee4695000 	C:\WINDOWS\System32\RPCRT4.dll
0x00007ffee3500000 - 0x00007ffee3508000 	C:\WINDOWS\System32\PSAPI.DLL
0x00007ffed94f0000 - 0x00007ffed9517000 	C:\WINDOWS\SYSTEM32\WINMM.dll
0x00007ffed9520000 - 0x00007ffed952a000 	C:\WINDOWS\SYSTEM32\VERSION.dll
0x00007ffec7e80000 - 0x00007ffec7e89000 	C:\WINDOWS\SYSTEM32\WSOCK32.dll
0x00007ffee3950000 - 0x00007ffee39bb000 	C:\WINDOWS\System32\WS2_32.dll
0x00007ffee12a0000 - 0x00007ffee12b2000 	C:\WINDOWS\SYSTEM32\kernel.appcore.dll
0x00007ffedc5b0000 - 0x00007ffedc5c1000 	C:\Program Files\Android\Android Studio\jre\bin\verify.dll
0x00007ffecc7c0000 - 0x00007ffecc9a4000 	C:\WINDOWS\SYSTEM32\DBGHELP.DLL
0x00007ffecbba0000 - 0x00007ffecbbcc000 	C:\WINDOWS\SYSTEM32\dbgcore.DLL
0x00007ffee31e0000 - 0x00007ffee3262000 	C:\WINDOWS\System32\bcryptPrimitives.dll
0x00007ffed5560000 - 0x00007ffed5589000 	C:\Program Files\Android\Android Studio\jre\bin\java.dll
0x00007ffedc9a0000 - 0x00007ffedc9ab000 	C:\Program Files\Android\Android Studio\jre\bin\jimage.dll
0x00007ffeda0c0000 - 0x00007ffeda0d8000 	C:\Program Files\Android\Android Studio\jre\bin\zip.dll
0x00007ffee4b80000 - 0x00007ffee52c4000 	C:\WINDOWS\System32\SHELL32.dll
0x00007ffee07b0000 - 0x00007ffee0f45000 	C:\WINDOWS\SYSTEM32\windows.storage.dll
0x00007ffee3510000 - 0x00007ffee3865000 	C:\WINDOWS\System32\combase.dll
0x00007ffee23a0000 - 0x00007ffee23ce000 	C:\WINDOWS\SYSTEM32\Wldp.dll
0x00007ffee3870000 - 0x00007ffee391d000 	C:\WINDOWS\System32\SHCORE.dll
0x00007ffee3f40000 - 0x00007ffee3f95000 	C:\WINDOWS\System32\shlwapi.dll
0x00007ffee2960000 - 0x00007ffee297f000 	C:\WINDOWS\SYSTEM32\profapi.dll
0x00007ffed60c0000 - 0x00007ffed60da000 	C:\Program Files\Android\Android Studio\jre\bin\net.dll
0x00007ffed44b0000 - 0x00007ffed45bc000 	C:\WINDOWS\SYSTEM32\WINHTTP.dll
0x00007ffee2100000 - 0x00007ffee216a000 	C:\WINDOWS\system32\mswsock.dll
0x00007ffed5810000 - 0x00007ffed5824000 	C:\Program Files\Android\Android Studio\jre\bin\nio.dll
0x00007ffed3f10000 - 0x00007ffed3f37000 	C:\Users\Bunan\.gradle\native\e1d6ef7f7dcc3fd88c89a11ec53ec762bb8ba0a96d01ffa2cd45eb1d1d8dd5c5\windows-amd64\native-platform.dll
0x00007ffeafa90000 - 0x00007ffeafbd4000 	C:\Users\Bunan\.gradle\native\5664cfc778a61ccfe75a443a1ab52a65af34e5dc3c78e0209fed803814484fcb\windows-amd64\native-platform-file-events.dll
0x00007ffedc600000 - 0x00007ffedc60a000 	C:\Program Files\Android\Android Studio\jre\bin\management.dll
0x00007ffeda0f0000 - 0x00007ffeda0fc000 	C:\Program Files\Android\Android Studio\jre\bin\management_ext.dll
0x00007ffee22f0000 - 0x00007ffee2308000 	C:\WINDOWS\SYSTEM32\CRYPTSP.dll
0x00007ffee1a80000 - 0x00007ffee1ab4000 	C:\WINDOWS\system32\rsaenh.dll
0x00007ffee3320000 - 0x00007ffee3347000 	C:\WINDOWS\System32\bcrypt.dll
0x00007ffee2920000 - 0x00007ffee294e000 	C:\WINDOWS\SYSTEM32\USERENV.dll
0x00007ffee2310000 - 0x00007ffee231c000 	C:\WINDOWS\SYSTEM32\CRYPTBASE.dll
0x00007ffee1df0000 - 0x00007ffee1e2b000 	C:\WINDOWS\SYSTEM32\IPHLPAPI.DLL
0x00007ffee3a90000 - 0x00007ffee3a98000 	C:\WINDOWS\System32\NSI.dll
0x00007ffed76b0000 - 0x00007ffed76c7000 	C:\WINDOWS\SYSTEM32\dhcpcsvc6.DLL
0x00007ffed9480000 - 0x00007ffed949d000 	C:\WINDOWS\SYSTEM32\dhcpcsvc.DLL
0x00007ffee1e30000 - 0x00007ffee1efb000 	C:\WINDOWS\SYSTEM32\DNSAPI.dll
0x00007ffee1710000 - 0x00007ffee1743000 	C:\WINDOWS\SYSTEM32\ntmarta.dll

dbghelp: loaded successfully - version: 4.0.5 - missing functions: none
symbol engine: initialized successfully - sym options: 0x614 - pdb path: .;C:\Program Files\Android\Android Studio\jre\bin;C:\WINDOWS\SYSTEM32;C:\WINDOWS\WinSxS\amd64_microsoft.windows.common-controls_6595b64144ccf1df_6.0.19041.1110_none_60b5254171f9507e;C:\Program Files\Android\Android Studio\jre\bin\server;C:\Users\Bunan\.gradle\native\e1d6ef7f7dcc3fd88c89a11ec53ec762bb8ba0a96d01ffa2cd45eb1d1d8dd5c5\windows-amd64;C:\Users\Bunan\.gradle\native\5664cfc778a61ccfe75a443a1ab52a65af34e5dc3c78e0209fed803814484fcb\windows-amd64

VM Arguments:
jvm_args: --add-opens=java.base/java.util=ALL-UNNAMED --add-opens=java.base/java.lang=ALL-UNNAMED --add-opens=java.base/java.lang.invoke=ALL-UNNAMED --add-opens=java.base/java.util=ALL-UNNAMED --add-opens=java.prefs/java.util.prefs=ALL-UNNAMED --add-opens=java.prefs/java.util.prefs=ALL-UNNAMED --add-opens=java.base/java.nio.charset=ALL-UNNAMED --add-opens=java.base/java.net=ALL-UNNAMED --add-opens=java.base/java.util.concurrent.atomic=ALL-UNNAMED -Xmx2048m -Dfile.encoding=UTF-8 -Duser.country=US -Duser.language=en -Duser.variant 
java_command: org.gradle.launcher.daemon.bootstrap.GradleDaemon 7.3.1
java_class_path (initial): C:\Users\Bunan\.gradle\wrapper\dists\gradle-7.3.1-bin\b47edjwz5j48avzx8xp2zpcd3\gradle-7.3.1\lib\gradle-launcher-7.3.1.jar
Launcher Type: SUN_STANDARD

[Global flags]
     intx CICompilerCount                          = 3                                         {product} {ergonomic}
     uint ConcGCThreads                            = 1                                         {product} {ergonomic}
     uint G1ConcRefinementThreads                  = 4                                         {product} {ergonomic}
   size_t G1HeapRegionSize                         = 1048576                                   {product} {ergonomic}
    uintx GCDrainStackTargetSize                   = 64                                        {product} {ergonomic}
   size_t InitialHeapSize                          = 58720256                                  {product} {ergonomic}
   size_t MarkStackSize                            = 4194304                                   {product} {ergonomic}
   size_t MaxHeapSize                              = 2147483648                                {product} {command line}
   size_t MaxNewSize                               = 1287651328                                {product} {ergonomic}
   size_t MinHeapDeltaBytes                        = 1048576                                   {product} {ergonomic}
    uintx NonNMethodCodeHeapSize                   = 5830732                                {pd product} {ergonomic}
    uintx NonProfiledCodeHeapSize                  = 122913754                              {pd product} {ergonomic}
    uintx ProfiledCodeHeapSize                     = 122913754                              {pd product} {ergonomic}
    uintx ReservedCodeCacheSize                    = 251658240                              {pd product} {ergonomic}
     bool SegmentedCodeCache                       = true                                      {product} {ergonomic}
     bool UseCompressedClassPointers               = true                                 {lp64_product} {ergonomic}
     bool UseCompressedOops                        = true                                 {lp64_product} {ergonomic}
     bool UseG1GC                                  = true                                      {product} {ergonomic}
     bool UseLargePagesIndividualAllocation        = false                                  {pd product} {ergonomic}

Logging:
Log output configuration:
 #0: stdout all=warning uptime,level,tags
 #1: stderr all=off uptime,level,tags

Environment Variables:
JAVA_HOME=C:\Program Files\Java\jdk-17.0.1
PATH=C:\ProgramData\Anaconda3;C:\ProgramData\Anaconda3\Library\mingw-w64\bin;C:\ProgramData\Anaconda3\Library\usr\bin;C:\ProgramData\Anaconda3\Library\bin;C:\ProgramData\Anaconda3\Scripts;C:\Program Files (x86)\Common Files\Oracle\Java\javapath;C:\WINDOWS\system32;C:\WINDOWS;C:\WINDOWS\System32\Wbem;C:\WINDOWS\System32\WindowsPowerShell\v1.0\;C:\WINDOWS\System32\OpenSSH\;C:\Program Files (x86)\Smart Projects\IsoBuster;C:\Program Files (x86)\QuickTime\QTSystem\;c:\Program Files\Java\bin;C:\Program Files\PuTTY\;C:\Program Files\Git\cmd;C:\Program Files (x86)\mingw-w64\i686-8.1.0-posix-dwarf-rt_v6-rev0\mingw32\bin;C:\src\vcpkg;C:\cygwin64\bin;C:\Users\Bunan\AppData\Local\Packages\PythonSoftwareFoundation.Python.3.9_qbz5n2kfra8p0\LocalCache\local-packages\Python39\Scripts;C:\Program Files\MySQL\MySQL Server 8.0\bin;C:\Program Files\nodejs\;C:\Program Files\Java\jdk-17.0.1\bin;C:\opt\apache-maven-3.8.4-bin\apache-maven-3.8.4\bin;C:\Program Files\dotnet\;C:\Users\Bunan\AppData\Roaming\npm\node_modules\yarn\bin;C:\ProgramData\Anaconda3;C:\ProgramData\Anaconda3\Library\mingw-w64\bin;C:\ProgramData\Anaconda3\Library\usr\bin;C:\ProgramData\Anaconda3\Library\bin;C:\ProgramData\Anaconda3\Scripts;C:\Program Files (x86)\Common Files\Oracle\Java\javapath;C:\WINDOWS\system32;C:\WINDOWS;C:\WINDOWS\System32\Wbem;C:\WINDOWS\System32\WindowsPowerShell\v1.0\;C:\WINDOWS\System32\OpenSSH\;C:\Program Files (x86)\Smart Projects\IsoBuster;C:\Program Files (x86)\QuickTime\QTSystem\;c:\Program Files\Java\bin;C:\Program Files\PuTTY\;C:\Program Files\Git\cmd;C:\Program Files (x86)\mingw-w64\i686-8.1.0-posix-dwarf-rt_v6-rev0\mingw32\bin;C:\src\vcpkg;C:\cygwin64\bin;C:\Users\Bunan\AppData\Local\Packages\PythonSoftwareFoundation.Python.3.9_qbz5n2kfra8p0\LocalCache\local-packages\Python39\Scripts;C:\Program Files\MySQL\MySQL Server 8.0\bin;C:\Program Files\nodejs\;C:\Program Files\Java\jdk-17.0.1\bin;C:\opt\apache-maven-3.8.4-bin\apache-maven-3.8.4\bin;C:\Program Files\dotnet\;C:\Users\Bunan\AppData\Ro
USERNAME=Bunan
OS=Windows_NT
PROCESSOR_IDENTIFIER=AMD64 Family 23 Model 24 Stepping 1, AuthenticAMD



---------------  S Y S T E M  ---------------

OS: Windows 10 , 64 bit Build 19041 (10.0.19041.1466)
OS uptime: 13 days 3:44 hours

CPU:total 4 (initial active 4) (4 cores per cpu, 2 threads per core) family 23 model 24 stepping 1 microcode 0x0, cmov, cx8, fxsr, mmx, sse, sse2, sse3, ssse3, sse4.1, sse4.2, popcnt, avx, avx2, aes, clmul, mmxext, 3dnowpref, lzcnt, sse4a, ht, tsc, tscinvbit, tscinv, bmi1, bmi2, adx, s

Memory: 4k page, system-wide physical 3511M (157M free)
TotalPageFile size 14260M (AvailPageFile size 75M)
current process WorkingSet (physical memory assigned to process): 173M, peak: 297M
current process commit charge ("private bytes"): 644M, peak: 731M

vm_info: OpenJDK 64-Bit Server VM (11.0.10+0-b96-7249189) for windows-amd64 JRE (11.0.10+0-b96-7249189), built on Mar 31 2021 21:44:00 by "builder" with MS VC++ 14.0 (VS2015)

END.
